2026-04-24 07:26:55,085 [INFO] Building Standard ImageNet Model (ResNet50)...
2026-04-24 08:12:28,090 [INFO] --- STARTING RESNET50 PIPELINE ---
2026-04-24 08:12:28,094 [INFO] Stage 1: Image Verification...
2026-04-24 08:18:08,316 [INFO] Quarantined 0 invalid images to D:\current project\DL - imagenet\scratch\quarantine.
2026-04-24 08:18:10,285 [INFO] Building ResNet50 Mastery Model...
2026-04-24 08:18:13,367 [WARNING] TensorFlow GPU support is not available on native Windows for TensorFlow >= 2.11. Even if CUDA/cuDNN are installed, GPU will not be used. Please use WSL2 or the TensorFlow-DirectML plugin.
2026-04-24 08:18:13,381 [INFO] Phase A: Training Head...
2026-04-24 08:18:17,737 [INFO] --- STARTING RESNET50 PIPELINE ---
2026-04-24 08:18:17,738 [INFO] Stage 1: Image Verification...
2026-04-24 08:18:22,095 [INFO] Quarantined 0 invalid images to D:\current project\DL - imagenet\scratch\quarantine.
2026-04-24 08:18:23,320 [INFO] Building ResNet50 Mastery Model...
2026-04-24 08:18:25,918 [WARNING] TensorFlow GPU support is not available on native Windows for TensorFlow >= 2.11. Even if CUDA/cuDNN are installed, GPU will not be used. Please use WSL2 or the TensorFlow-DirectML plugin.
2026-04-24 08:18:25,923 [INFO] Phase A: Training Head...
2026-04-24 08:22:10,046 [INFO] --- STARTING IMAGENET STANDARD PIPELINE ---
2026-04-24 08:22:10,046 [INFO] Stage 1: Image Verification...
2026-04-24 08:22:12,619 [INFO] Quarantined 0 invalid images.
2026-04-24 08:22:13,250 [INFO] Building Standard ImageNet Model (ResNet50)...
2026-04-24 08:22:14,694 [WARNING] TensorFlow GPU support is not available on native Windows for TensorFlow >= 2.11. Even if CUDA/cuDNN are installed, GPU will not be used. Please use WSL2 or the TensorFlow-DirectML plugin.
2026-04-24 08:22:14,697 [INFO] Phase A: Training Head...
2026-04-24 08:25:33,995 [INFO] --- STARTING IMAGENET STANDARD PIPELINE ---
2026-04-24 08:25:33,996 [INFO] Stage 1: Image Verification...
2026-04-24 08:25:35,553 [INFO] Quarantined 0 invalid images.
2026-04-24 08:25:36,282 [INFO] Building Standard ImageNet Model (ResNet50)...
2026-04-24 08:25:37,617 [WARNING] TensorFlow GPU support is not available on native Windows for TensorFlow >= 2.11. Even if CUDA/cuDNN are installed, GPU will not be used. Please use WSL2 or the TensorFlow-DirectML plugin.
2026-04-24 08:25:37,620 [INFO] Phase A: Training Head...
2026-04-24 08:52:22,951 [INFO] --- STARTING IMAGENET STANDARD PIPELINE ---
2026-04-24 08:52:22,952 [INFO] Stage 1: Image Verification...
2026-04-24 08:55:22,596 [INFO] Quarantined 0 invalid images.
2026-04-24 08:55:25,360 [INFO] Building Standard ImageNet Model (ResNet50)...
2026-04-24 08:55:32,619 [WARNING] TensorFlow GPU support is not available on native Windows for TensorFlow >= 2.11. Even if CUDA/cuDNN are installed, GPU will not be used. Please use WSL2 or the TensorFlow-DirectML plugin.
2026-04-24 08:55:32,647 [INFO] Phase A: Training Head...
2026-04-24 12:56:28,880 [INFO] Phase B: Fine-Tuning Block 5...
2026-04-24 20:35:18,520 [INFO] --- STARTING IMAGENET STANDARD PIPELINE ---
2026-04-24 20:35:18,527 [INFO] Stage 1: Image Verification...
2026-04-24 20:35:24,853 [INFO] Quarantined 0 invalid images.
2026-04-24 20:35:27,626 [INFO] Building Standard ImageNet Model (ResNet50)...
2026-04-24 20:35:38,627 [WARNING] TensorFlow GPU support is not available on native Windows for TensorFlow >= 2.11. Even if CUDA/cuDNN are installed, GPU will not be used. Please use WSL2 or the TensorFlow-DirectML plugin.
2026-04-24 20:35:38,665 [INFO] Phase A: Training Head...
2026-04-24 23:20:00,625 [INFO] --- STARTING IMAGENET STANDARD PIPELINE ---
2026-04-24 23:20:00,626 [INFO] Stage 1: Image Verification...
2026-04-24 23:20:45,916 [INFO] Quarantined 0 invalid images.
2026-04-24 23:20:46,428 [INFO] Building Standard ImageNet Model (ResNet50)...
2026-04-24 23:20:47,785 [WARNING] TensorFlow GPU support is not available on native Windows for TensorFlow >= 2.11. Even if CUDA/cuDNN are installed, GPU will not be used. Please use WSL2 or the TensorFlow-DirectML plugin.
2026-04-24 23:20:47,789 [INFO] Phase A: Training Head...
2026-04-25 03:26:09,172 [INFO] Phase B: Fine-Tuning Block 5...
2026-04-25 11:15:04,991 [INFO] Exporting TFLite...
2026-04-25 11:20:01,322 [INFO] Assets written to: C:\Users\vijay\AppData\Local\Temp\tmpm_xt3qtg\assets
2026-04-25 11:22:31,051 [INFO] PIPELINE COMPLETE.
2026-04-25 12:50:45,402 [INFO] --- STARTING IMAGENET STANDARD PIPELINE ---
2026-04-25 12:50:45,408 [INFO] Stage 1: Image Verification...
2026-04-25 12:57:27,287 [INFO] Quarantined 0 invalid images.
2026-04-25 12:57:29,971 [INFO] Building Standard ImageNet Model (ResNet50)...
2026-04-25 12:57:38,096 [WARNING] TensorFlow GPU support is not available on native Windows for TensorFlow >= 2.11. Even if CUDA/cuDNN are installed, GPU will not be used. Please use WSL2 or the TensorFlow-DirectML plugin.
2026-04-25 12:57:38,108 [INFO] Phase A: Training Head...
2026-04-25 15:08:09,155 [INFO] --- STARTING IMAGENET STANDARD PIPELINE ---
2026-04-25 15:08:09,156 [INFO] Stage 1: Image Verification...
2026-04-25 15:08:38,875 [INFO] Quarantined 0 invalid images.
2026-04-25 15:08:39,298 [INFO] Building Standard ImageNet Model (ResNet50)...
2026-04-25 15:08:40,313 [INFO] FOUND EXISTING CHAMPION: D:\current project\DL - imagenet\models\champion_model_mastery.keras. LOADING FOR EVOLUTION...
2026-04-25 15:08:40,751 [WARNING] TensorFlow GPU support is not available on native Windows for TensorFlow >= 2.11. Even if CUDA/cuDNN are installed, GPU will not be used. Please use WSL2 or the TensorFlow-DirectML plugin.
2026-04-25 15:08:40,754 [INFO] Successfully loaded weights. Starting Fine-Tuning Evolution.
2026-04-25 15:08:40,760 [INFO] Phase A: Training Head for Mastery (Target: 0.98)...
2026-04-25 16:21:04,155 [INFO] Phase B: Fine-Tuning Block 5 for Ultra-Precision...
2026-04-25 19:15:10,460 [WARNING] STRATEGIC GAP: Accuracy 0.5282 is below 98%. Recommend further Evolution.
2026-04-25 19:15:10,464 [INFO] Exporting TFLite...
2026-04-25 19:15:27,457 [INFO] Assets written to: C:\Users\vijay\AppData\Local\Temp\tmpv4h6b51v\assets
2026-04-25 19:15:42,923 [INFO] PIPELINE COMPLETE.
2026-04-25 21:20:26,801 [INFO] --- STARTING IMAGENET STANDARD PIPELINE ---
2026-04-25 21:20:26,805 [INFO] Stage 1: Image Verification...
2026-04-25 21:23:29,915 [INFO] Quarantined 0 invalid images.
2026-04-25 21:23:32,009 [INFO] Building Standard ImageNet Model (ResNet50)...
2026-04-25 21:23:36,529 [INFO] FOUND EXISTING CHAMPION: D:\current project\DL - imagenet\models\champion_model_mastery.keras. LOADING FOR EVOLUTION...
2026-04-25 21:23:38,609 [INFO] Successfully loaded weights. Starting Fine-Tuning Evolution.
2026-04-25 21:23:38,647 [INFO] Phase A: Training Head for Mastery (Target: 0.98)...
2026-04-25 23:24:40,686 [INFO] Phase B: Fine-Tuning Block 5 for Ultra-Precision...
2026-04-26 02:50:33,404 [WARNING] STRATEGIC GAP: Accuracy 0.5262 is below 98%. Recommend further Evolution.
2026-04-26 02:50:33,407 [INFO] Exporting TFLite...
2026-04-26 02:50:49,578 [INFO] Assets written to: C:\Users\vijay\AppData\Local\Temp\tmpc3o5es2m\assets
2026-04-26 02:51:06,448 [INFO] TFLite Export SUCCESS.
2026-04-26 02:51:06,449 [INFO] PIPELINE COMPLETE.
2026-04-26 03:41:24,800 [INFO] Building Standard ImageNet Model (ResNet50)...
2026-04-26 04:30:40,560 [INFO] --- STARTING IMAGENET STANDARD PIPELINE ---
2026-04-26 04:30:40,561 [INFO] Stage 1: Image Verification...
2026-04-26 04:30:44,784 [INFO] Quarantined 0 invalid images.
2026-04-26 04:30:45,943 [INFO] Building Standard ImageNet Model (ResNet50)...
2026-04-26 04:30:48,512 [INFO] FOUND EXISTING CHAMPION: D:\current project\DL - imagenet\models\champion_model_mastery.keras. LOADING FOR EVOLUTION...
2026-04-26 04:30:49,544 [INFO] Successfully loaded weights. Starting Fine-Tuning Evolution.
2026-04-26 04:30:49,567 [INFO] Phase A: Training Head for Mastery (Target: 0.98)...
2026-04-26 06:09:49,342 [INFO] Phase B: Fine-Tuning Block 5 for Ultra-Precision...
2026-04-26 08:30:42,158 [INFO] Building Standard ImageNet Model (ResNet50)...
2026-04-26 08:32:57,441 [INFO] Building Standard ImageNet Model (ResNet50)...
2026-04-26 08:56:20,794 [INFO] Building Standard ImageNet Model (ResNet50)...
2026-04-26 08:57:12,170 [INFO] Building Standard ImageNet Model (ResNet50)...
2026-04-26 08:58:16,518 [INFO] Building Standard ImageNet Model (ResNet50)...
2026-04-26 08:59:21,217 [INFO] Building Standard ImageNet Model (ResNet50)...
2026-04-26 09:00:30,087 [INFO] Building Standard ImageNet Model (ResNet50)...
2026-04-26 09:01:35,595 [INFO] Building Standard ImageNet Model (ResNet50)...
2026-04-26 09:02:42,551 [INFO] Building Standard ImageNet Model (ResNet50)...
2026-04-26 09:03:53,991 [INFO] Building Standard ImageNet Model (ResNet50)...
2026-04-26 09:05:03,123 [INFO] Building Standard ImageNet Model (ResNet50)...
2026-04-26 10:06:59,182 [INFO] --- STARTING IMAGENET STANDARD PIPELINE ---
2026-04-26 10:06:59,182 [INFO] Stage 1: Image Verification...
2026-04-26 10:07:24,923 [INFO] --- STARTING IMAGENET STANDARD PIPELINE ---
2026-04-26 10:07:24,923 [INFO] Stage 1: Image Verification...
2026-04-26 10:07:27,360 [INFO] Quarantined 0 invalid images.
2026-04-26 10:07:28,601 [INFO] Building Standard ImageNet Model (ResNet50) with Mastery Head...
2026-04-26 10:07:30,982 [INFO] FOUND EXISTING CHAMPION: D:\current project\DL - imagenet\models\champion_model_mastery.keras. LOADING FOR EVOLUTION...
2026-04-26 10:07:31,915 [WARNING] Could not load weights (A total of 4 objects could not be loaded. Example error message for object <BatchNormalization name=batch_normalization, built=True>:

Layer 'batch_normalization' expected 4 variables, but received 0 variables during loading. Expected: ['gamma', 'beta', 'moving_mean', 'moving_variance']

List of objects that could not be loaded:
[<BatchNormalization name=batch_normalization, built=True>, <Dense name=dense, built=True>, <BatchNormalization name=batch_normalization_1, built=True>, <Dense name=dense_1, built=True>]). Starting fresh.
2026-04-26 10:07:31,932 [INFO] Phase A: Training Head for Mastery (Target: 0.98)...
2026-04-26 10:07:51,873 [INFO] --- STARTING IMAGENET STANDARD PIPELINE ---
2026-04-26 10:07:51,873 [INFO] Stage 1: Image Verification...
2026-04-26 10:07:51,873 [INFO] Dataset already verified (.cleaned found). Skipping verification.
2026-04-26 10:07:53,012 [INFO] Building Standard ImageNet Model (ResNet50) with Mastery Head...
2026-04-26 10:07:55,191 [INFO] FOUND EXISTING CHAMPION: D:\current project\DL - imagenet\models\champion_model_mastery.keras. LOADING FOR EVOLUTION...
2026-04-26 10:07:56,002 [WARNING] Could not load weights (A total of 4 objects could not be loaded. Example error message for object <BatchNormalization name=batch_normalization, built=True>:

Layer 'batch_normalization' expected 4 variables, but received 0 variables during loading. Expected: ['gamma', 'beta', 'moving_mean', 'moving_variance']

List of objects that could not be loaded:
[<BatchNormalization name=batch_normalization, built=True>, <Dense name=dense, built=True>, <BatchNormalization name=batch_normalization_1, built=True>, <Dense name=dense_1, built=True>]). Starting fresh.
2026-04-26 10:07:56,019 [INFO] Phase A: Training Head for Mastery (Target: 0.98)...
2026-04-26 10:09:08,783 [INFO] --- STARTING IMAGENET STANDARD PIPELINE ---
2026-04-26 10:09:08,784 [INFO] Stage 1: Image Verification...
2026-04-26 10:09:08,784 [INFO] Dataset already verified (.cleaned found). Skipping verification.
2026-04-26 10:09:10,365 [INFO] Building Standard ImageNet Model (ResNet50) with Mastery Head...
2026-04-26 10:09:13,213 [INFO] FOUND EXISTING CHAMPION: D:\current project\DL - imagenet\models\champion_model_mastery.keras. LOADING FOR EVOLUTION...
2026-04-26 10:09:14,351 [WARNING] Could not load weights (A total of 4 objects could not be loaded. Example error message for object <BatchNormalization name=batch_normalization, built=True>:

Layer 'batch_normalization' expected 4 variables, but received 0 variables during loading. Expected: ['gamma', 'beta', 'moving_mean', 'moving_variance']

List of objects that could not be loaded:
[<BatchNormalization name=batch_normalization, built=True>, <Dense name=dense, built=True>, <BatchNormalization name=batch_normalization_1, built=True>, <Dense name=dense_1, built=True>]). Starting fresh.
2026-04-26 10:09:14,372 [INFO] Phase A: Training Head for Mastery (Target: 0.98)...
2026-04-26 11:31:54,234 [INFO] --- STARTING IMAGENET STANDARD PIPELINE ---
2026-04-26 11:31:54,235 [INFO] Stage 1: Image Verification...
2026-04-26 11:31:54,235 [INFO] Dataset already verified (.cleaned found). Skipping verification.
2026-04-26 11:31:54,986 [INFO] Building Standard ImageNet Model (ResNet50) with Mastery Head...
2026-04-26 11:31:56,592 [INFO] FOUND EXISTING CHAMPION: D:\current project\DL - imagenet\models\champion_model_mastery.keras. LOADING FOR EVOLUTION...
2026-04-26 11:31:57,215 [WARNING] Could not load weights (A total of 4 objects could not be loaded. Example error message for object <BatchNormalization name=batch_normalization, built=True>:

Layer 'batch_normalization' expected 4 variables, but received 0 variables during loading. Expected: ['gamma', 'beta', 'moving_mean', 'moving_variance']

List of objects that could not be loaded:
[<BatchNormalization name=batch_normalization, built=True>, <Dense name=dense, built=True>, <BatchNormalization name=batch_normalization_1, built=True>, <Dense name=dense_1, built=True>]). Starting fresh.
2026-04-26 11:31:57,224 [INFO] Phase A: Training Head for Mastery (Target: 0.98)...
2026-04-26 13:11:57,668 [INFO] Phase B: Fine-Tuning Block 5 for Ultra-Precision...
2026-04-27 19:08:40,632 [INFO] --- STARTING IMAGENET AUTONOMOUS RESEARCH ENGINE ---
2026-04-27 19:08:40,636 [INFO] Stage 1: Image Verification...
2026-04-27 19:08:40,637 [INFO] Dataset already verified (.cleaned found). Skipping verification.
2026-04-27 19:08:41,769 [INFO] 
=== STARTING RESEARCH CYCLE 1 ===
2026-04-27 19:08:41,769 [INFO] Building Standard ImageNet Model (ResNet50) with Mastery Head...
2026-04-27 19:08:44,440 [INFO] Loading previous champion for evolution...
2026-04-27 19:08:45,538 [WARNING] Weights load failed: A total of 4 objects could not be loaded. Example error message for object <BatchNormalization name=batch_normalization, built=True>:

Layer 'batch_normalization' expected 4 variables, but received 0 variables during loading. Expected: ['gamma', 'beta', 'moving_mean', 'moving_variance']

List of objects that could not be loaded:
[<BatchNormalization name=batch_normalization, built=True>, <Dense name=dense, built=True>, <BatchNormalization name=batch_normalization_1, built=True>, <Dense name=dense_1, built=True>]
2026-04-27 19:08:45,560 [INFO] Phase A: Coarse Tuning (LR: 0.0001)...
2026-04-27 19:19:57,618 [INFO] --- STARTING IMAGENET AUTONOMOUS RESEARCH ENGINE ---
2026-04-27 19:19:57,621 [INFO] Stage 1: Image Verification...
2026-04-27 19:19:57,621 [INFO] Dataset already verified (.cleaned found). Skipping verification.
2026-04-27 19:19:58,817 [INFO] 
=== STARTING RESEARCH CYCLE 1 ===
2026-04-27 19:19:58,818 [INFO] Building Standard ImageNet Model (ResNet50) with Mastery Head...
2026-04-27 19:20:01,354 [INFO] Loading previous champion for evolution...
2026-04-27 19:20:02,349 [WARNING] Weights load failed: A total of 4 objects could not be loaded. Example error message for object <BatchNormalization name=batch_normalization, built=True>:

Layer 'batch_normalization' expected 4 variables, but received 0 variables during loading. Expected: ['gamma', 'beta', 'moving_mean', 'moving_variance']

List of objects that could not be loaded:
[<BatchNormalization name=batch_normalization, built=True>, <Dense name=dense, built=True>, <BatchNormalization name=batch_normalization_1, built=True>, <Dense name=dense_1, built=True>]
2026-04-27 19:20:02,369 [INFO] Phase A: Coarse Tuning (LR: 0.001)...
2026-04-27 19:44:20,292 [INFO] Phase B: Fine Tuning (Unfreeze Block 5)...
2026-04-27 20:25:25,671 [INFO] --- STARTING IMAGENET AUTONOMOUS RESEARCH ENGINE ---
2026-04-27 20:25:25,674 [INFO] Stage 1: Image Verification...
2026-04-27 20:25:25,674 [INFO] Dataset already verified (.cleaned found). Skipping verification.
2026-04-27 20:25:26,844 [INFO] 
=== STARTING RESEARCH CYCLE 1 ===
2026-04-27 20:25:26,845 [INFO] Building Standard ImageNet Model (ResNet50) with Mastery Head...
2026-04-27 20:25:29,661 [INFO] Loading previous champion for evolution...
2026-04-27 20:25:30,866 [WARNING] Weights load failed: A total of 4 objects could not be loaded. Example error message for object <BatchNormalization name=batch_normalization, built=True>:

Layer 'batch_normalization' expected 4 variables, but received 0 variables during loading. Expected: ['gamma', 'beta', 'moving_mean', 'moving_variance']

List of objects that could not be loaded:
[<BatchNormalization name=batch_normalization, built=True>, <Dense name=dense, built=True>, <BatchNormalization name=batch_normalization_1, built=True>, <Dense name=dense_1, built=True>]
2026-04-27 20:25:30,893 [INFO] Phase A: Coarse Tuning (LR: 0.002)...
2026-04-27 20:46:59,779 [INFO] Phase B: Fine Tuning (Unfreeze Block 5)...
2026-04-27 21:08:41,820 [INFO] --- STARTING IMAGENET AUTONOMOUS RESEARCH ENGINE ---
2026-04-27 21:08:41,821 [INFO] Stage 1: Image Verification...
2026-04-27 21:08:41,821 [INFO] Dataset already verified (.cleaned found). Skipping verification.
2026-04-27 21:08:42,319 [INFO] 
=== STARTING RESEARCH CYCLE 1 ===
2026-04-27 21:08:42,319 [INFO] Building Standard ImageNet Model (ResNet50) with Mastery Head...
2026-04-27 21:08:43,602 [INFO] Loading previous champion for evolution...
2026-04-27 21:08:44,128 [WARNING] Weights load failed: A total of 4 objects could not be loaded. Example error message for object <BatchNormalization name=batch_normalization, built=True>:

Layer 'batch_normalization' expected 4 variables, but received 0 variables during loading. Expected: ['gamma', 'beta', 'moving_mean', 'moving_variance']

List of objects that could not be loaded:
[<BatchNormalization name=batch_normalization, built=True>, <Dense name=dense, built=True>, <BatchNormalization name=batch_normalization_1, built=True>, <Dense name=dense_1, built=True>]
2026-04-27 21:08:44,136 [INFO] Phase A: Coarse Tuning (LR: 0.002)...
2026-04-27 21:10:13,473 [INFO] --- STARTING IMAGENET AUTONOMOUS RESEARCH ENGINE ---
2026-04-27 21:10:13,475 [INFO] Stage 1: Image Verification...
2026-04-27 21:10:13,475 [INFO] Dataset already verified (.cleaned found). Skipping verification.
2026-04-27 21:10:14,098 [INFO] 
=== STARTING RESEARCH CYCLE 1 ===
2026-04-27 21:10:14,098 [INFO] Building Standard ImageNet Model (ResNet50) with Mastery Head...
2026-04-27 21:10:15,532 [INFO] Loading previous champion for evolution...
2026-04-27 21:10:15,533 [WARNING] Weights load failed: `by_name` only supports loading legacy '.h5' or '.hdf5' files. Received: D:\current project\DL - imagenet\models\champion_model_mastery.keras. Starting fresh.
2026-04-27 21:10:15,543 [INFO] Phase A: Coarse Tuning (LR: 0.002)...
2026-04-27 21:11:14,950 [INFO] --- STARTING IMAGENET AUTONOMOUS RESEARCH ENGINE ---
2026-04-27 21:11:14,951 [INFO] Stage 1: Image Verification...
2026-04-27 21:11:14,951 [INFO] Dataset already verified (.cleaned found). Skipping verification.
2026-04-27 21:11:15,515 [INFO] 
=== STARTING RESEARCH CYCLE 1 ===
2026-04-27 21:11:15,515 [INFO] Building Standard ImageNet Model (ResNet50) with Mastery Head...
2026-04-27 21:11:16,718 [INFO] Loading previous champion for evolution...
2026-04-27 21:11:17,256 [WARNING] Weights load failed: A total of 4 objects could not be loaded. Example error message for object <BatchNormalization name=batch_normalization, built=True>:

Layer 'batch_normalization' expected 4 variables, but received 0 variables during loading. Expected: ['gamma', 'beta', 'moving_mean', 'moving_variance']

List of objects that could not be loaded:
[<BatchNormalization name=batch_normalization, built=True>, <Dense name=dense, built=True>, <BatchNormalization name=batch_normalization_1, built=True>, <Dense name=dense_1, built=True>]. Starting fresh.
2026-04-27 21:11:17,265 [INFO] Phase A: Coarse Tuning (LR: 0.002)...
2026-04-27 21:12:18,605 [INFO] --- STARTING IMAGENET AUTONOMOUS RESEARCH ENGINE ---
2026-04-27 21:12:18,608 [INFO] Stage 1: Image Verification...
2026-04-27 21:12:18,608 [INFO] Dataset already verified (.cleaned found). Skipping verification.
2026-04-27 21:12:19,160 [INFO] 
=== STARTING RESEARCH CYCLE 1 ===
2026-04-27 21:12:19,160 [INFO] Loading previous champion for evolution...
2026-04-27 21:12:20,673 [WARNING] Full model load failed: No such layer: resnet50. Existing layers are: ['input_layer_1', 'conv1_pad', 'conv1_conv', 'conv1_bn', 'conv1_relu', 'pool1_pad', 'pool1_pool', 'conv2_block1_1_conv', 'conv2_block1_1_bn', 'conv2_block1_1_relu', 'conv2_block1_2_conv', 'conv2_block1_2_bn', 'conv2_block1_2_relu', 'conv2_block1_0_conv', 'conv2_block1_3_conv', 'conv2_block1_0_bn', 'conv2_block1_3_bn', 'conv2_block1_add', 'conv2_block1_out', 'conv2_block2_1_conv', 'conv2_block2_1_bn', 'conv2_block2_1_relu', 'conv2_block2_2_conv', 'conv2_block2_2_bn', 'conv2_block2_2_relu', 'conv2_block2_3_conv', 'conv2_block2_3_bn', 'conv2_block2_add', 'conv2_block2_out', 'conv2_block3_1_conv', 'conv2_block3_1_bn', 'conv2_block3_1_relu', 'conv2_block3_2_conv', 'conv2_block3_2_bn', 'conv2_block3_2_relu', 'conv2_block3_3_conv', 'conv2_block3_3_bn', 'conv2_block3_add', 'conv2_block3_out', 'conv3_block1_1_conv', 'conv3_block1_1_bn', 'conv3_block1_1_relu', 'conv3_block1_2_conv', 'conv3_block1_2_bn', 'conv3_block1_2_relu', 'conv3_block1_0_conv', 'conv3_block1_3_conv', 'conv3_block1_0_bn', 'conv3_block1_3_bn', 'conv3_block1_add', 'conv3_block1_out', 'conv3_block2_1_conv', 'conv3_block2_1_bn', 'conv3_block2_1_relu', 'conv3_block2_2_conv', 'conv3_block2_2_bn', 'conv3_block2_2_relu', 'conv3_block2_3_conv', 'conv3_block2_3_bn', 'conv3_block2_add', 'conv3_block2_out', 'conv3_block3_1_conv', 'conv3_block3_1_bn', 'conv3_block3_1_relu', 'conv3_block3_2_conv', 'conv3_block3_2_bn', 'conv3_block3_2_relu', 'conv3_block3_3_conv', 'conv3_block3_3_bn', 'conv3_block3_add', 'conv3_block3_out', 'conv3_block4_1_conv', 'conv3_block4_1_bn', 'conv3_block4_1_relu', 'conv3_block4_2_conv', 'conv3_block4_2_bn', 'conv3_block4_2_relu', 'conv3_block4_3_conv', 'conv3_block4_3_bn', 'conv3_block4_add', 'conv3_block4_out', 'conv4_block1_1_conv', 'conv4_block1_1_bn', 'conv4_block1_1_relu', 'conv4_block1_2_conv', 'conv4_block1_2_bn', 'conv4_block1_2_relu', 'conv4_block1_0_conv', 'conv4_block1_3_conv', 'conv4_block1_0_bn', 'conv4_block1_3_bn', 'conv4_block1_add', 'conv4_block1_out', 'conv4_block2_1_conv', 'conv4_block2_1_bn', 'conv4_block2_1_relu', 'conv4_block2_2_conv', 'conv4_block2_2_bn', 'conv4_block2_2_relu', 'conv4_block2_3_conv', 'conv4_block2_3_bn', 'conv4_block2_add', 'conv4_block2_out', 'conv4_block3_1_conv', 'conv4_block3_1_bn', 'conv4_block3_1_relu', 'conv4_block3_2_conv', 'conv4_block3_2_bn', 'conv4_block3_2_relu', 'conv4_block3_3_conv', 'conv4_block3_3_bn', 'conv4_block3_add', 'conv4_block3_out', 'conv4_block4_1_conv', 'conv4_block4_1_bn', 'conv4_block4_1_relu', 'conv4_block4_2_conv', 'conv4_block4_2_bn', 'conv4_block4_2_relu', 'conv4_block4_3_conv', 'conv4_block4_3_bn', 'conv4_block4_add', 'conv4_block4_out', 'conv4_block5_1_conv', 'conv4_block5_1_bn', 'conv4_block5_1_relu', 'conv4_block5_2_conv', 'conv4_block5_2_bn', 'conv4_block5_2_relu', 'conv4_block5_3_conv', 'conv4_block5_3_bn', 'conv4_block5_add', 'conv4_block5_out', 'conv4_block6_1_conv', 'conv4_block6_1_bn', 'conv4_block6_1_relu', 'conv4_block6_2_conv', 'conv4_block6_2_bn', 'conv4_block6_2_relu', 'conv4_block6_3_conv', 'conv4_block6_3_bn', 'conv4_block6_add', 'conv4_block6_out', 'conv5_block1_1_conv', 'conv5_block1_1_bn', 'conv5_block1_1_relu', 'conv5_block1_2_conv', 'conv5_block1_2_bn', 'conv5_block1_2_relu', 'conv5_block1_0_conv', 'conv5_block1_3_conv', 'conv5_block1_0_bn', 'conv5_block1_3_bn', 'conv5_block1_add', 'conv5_block1_out', 'conv5_block2_1_conv', 'conv5_block2_1_bn', 'conv5_block2_1_relu', 'conv5_block2_2_conv', 'conv5_block2_2_bn', 'conv5_block2_2_relu', 'conv5_block2_3_conv', 'conv5_block2_3_bn', 'conv5_block2_add', 'conv5_block2_out', 'conv5_block3_1_conv', 'conv5_block3_1_bn', 'conv5_block3_1_relu', 'conv5_block3_2_conv', 'conv5_block3_2_bn', 'conv5_block3_2_relu', 'conv5_block3_3_conv', 'conv5_block3_3_bn', 'conv5_block3_add', 'conv5_block3_out', 'global_average_pooling2d', 'dense'].. Building fresh.
2026-04-27 21:12:20,673 [INFO] Building Standard ImageNet Model (ResNet50) with Mastery Head...
2026-04-27 21:12:21,621 [INFO] Phase A: Coarse Tuning (LR: 0.002)...
2026-04-27 21:28:47,732 [INFO] Phase B: Fine Tuning (Unfreeze Block 5)...
2026-04-27 22:01:51,390 [INFO] --- STARTING IMAGENET AUTONOMOUS RESEARCH ENGINE ---
2026-04-27 22:01:51,393 [INFO] Stage 1: Image Verification...
2026-04-27 22:01:51,393 [INFO] Dataset already verified (.cleaned found). Skipping verification.
2026-04-27 22:01:52,865 [INFO] 
=== STARTING RESEARCH CYCLE 1 ===
2026-04-27 22:01:52,866 [INFO] Loading previous champion for evolution...
2026-04-27 22:01:56,637 [WARNING] Full model load failed: No such layer: resnet50. Existing layers are: ['input_layer_1', 'conv1_pad', 'conv1_conv', 'conv1_bn', 'conv1_relu', 'pool1_pad', 'pool1_pool', 'conv2_block1_1_conv', 'conv2_block1_1_bn', 'conv2_block1_1_relu', 'conv2_block1_2_conv', 'conv2_block1_2_bn', 'conv2_block1_2_relu', 'conv2_block1_0_conv', 'conv2_block1_3_conv', 'conv2_block1_0_bn', 'conv2_block1_3_bn', 'conv2_block1_add', 'conv2_block1_out', 'conv2_block2_1_conv', 'conv2_block2_1_bn', 'conv2_block2_1_relu', 'conv2_block2_2_conv', 'conv2_block2_2_bn', 'conv2_block2_2_relu', 'conv2_block2_3_conv', 'conv2_block2_3_bn', 'conv2_block2_add', 'conv2_block2_out', 'conv2_block3_1_conv', 'conv2_block3_1_bn', 'conv2_block3_1_relu', 'conv2_block3_2_conv', 'conv2_block3_2_bn', 'conv2_block3_2_relu', 'conv2_block3_3_conv', 'conv2_block3_3_bn', 'conv2_block3_add', 'conv2_block3_out', 'conv3_block1_1_conv', 'conv3_block1_1_bn', 'conv3_block1_1_relu', 'conv3_block1_2_conv', 'conv3_block1_2_bn', 'conv3_block1_2_relu', 'conv3_block1_0_conv', 'conv3_block1_3_conv', 'conv3_block1_0_bn', 'conv3_block1_3_bn', 'conv3_block1_add', 'conv3_block1_out', 'conv3_block2_1_conv', 'conv3_block2_1_bn', 'conv3_block2_1_relu', 'conv3_block2_2_conv', 'conv3_block2_2_bn', 'conv3_block2_2_relu', 'conv3_block2_3_conv', 'conv3_block2_3_bn', 'conv3_block2_add', 'conv3_block2_out', 'conv3_block3_1_conv', 'conv3_block3_1_bn', 'conv3_block3_1_relu', 'conv3_block3_2_conv', 'conv3_block3_2_bn', 'conv3_block3_2_relu', 'conv3_block3_3_conv', 'conv3_block3_3_bn', 'conv3_block3_add', 'conv3_block3_out', 'conv3_block4_1_conv', 'conv3_block4_1_bn', 'conv3_block4_1_relu', 'conv3_block4_2_conv', 'conv3_block4_2_bn', 'conv3_block4_2_relu', 'conv3_block4_3_conv', 'conv3_block4_3_bn', 'conv3_block4_add', 'conv3_block4_out', 'conv4_block1_1_conv', 'conv4_block1_1_bn', 'conv4_block1_1_relu', 'conv4_block1_2_conv', 'conv4_block1_2_bn', 'conv4_block1_2_relu', 'conv4_block1_0_conv', 'conv4_block1_3_conv', 'conv4_block1_0_bn', 'conv4_block1_3_bn', 'conv4_block1_add', 'conv4_block1_out', 'conv4_block2_1_conv', 'conv4_block2_1_bn', 'conv4_block2_1_relu', 'conv4_block2_2_conv', 'conv4_block2_2_bn', 'conv4_block2_2_relu', 'conv4_block2_3_conv', 'conv4_block2_3_bn', 'conv4_block2_add', 'conv4_block2_out', 'conv4_block3_1_conv', 'conv4_block3_1_bn', 'conv4_block3_1_relu', 'conv4_block3_2_conv', 'conv4_block3_2_bn', 'conv4_block3_2_relu', 'conv4_block3_3_conv', 'conv4_block3_3_bn', 'conv4_block3_add', 'conv4_block3_out', 'conv4_block4_1_conv', 'conv4_block4_1_bn', 'conv4_block4_1_relu', 'conv4_block4_2_conv', 'conv4_block4_2_bn', 'conv4_block4_2_relu', 'conv4_block4_3_conv', 'conv4_block4_3_bn', 'conv4_block4_add', 'conv4_block4_out', 'conv4_block5_1_conv', 'conv4_block5_1_bn', 'conv4_block5_1_relu', 'conv4_block5_2_conv', 'conv4_block5_2_bn', 'conv4_block5_2_relu', 'conv4_block5_3_conv', 'conv4_block5_3_bn', 'conv4_block5_add', 'conv4_block5_out', 'conv4_block6_1_conv', 'conv4_block6_1_bn', 'conv4_block6_1_relu', 'conv4_block6_2_conv', 'conv4_block6_2_bn', 'conv4_block6_2_relu', 'conv4_block6_3_conv', 'conv4_block6_3_bn', 'conv4_block6_add', 'conv4_block6_out', 'conv5_block1_1_conv', 'conv5_block1_1_bn', 'conv5_block1_1_relu', 'conv5_block1_2_conv', 'conv5_block1_2_bn', 'conv5_block1_2_relu', 'conv5_block1_0_conv', 'conv5_block1_3_conv', 'conv5_block1_0_bn', 'conv5_block1_3_bn', 'conv5_block1_add', 'conv5_block1_out', 'conv5_block2_1_conv', 'conv5_block2_1_bn', 'conv5_block2_1_relu', 'conv5_block2_2_conv', 'conv5_block2_2_bn', 'conv5_block2_2_relu', 'conv5_block2_3_conv', 'conv5_block2_3_bn', 'conv5_block2_add', 'conv5_block2_out', 'conv5_block3_1_conv', 'conv5_block3_1_bn', 'conv5_block3_1_relu', 'conv5_block3_2_conv', 'conv5_block3_2_bn', 'conv5_block3_2_relu', 'conv5_block3_3_conv', 'conv5_block3_3_bn', 'conv5_block3_add', 'conv5_block3_out', 'global_average_pooling2d', 'dense'].. Building fresh.
2026-04-27 22:01:56,637 [INFO] Building Standard ImageNet Model (ResNet50) with Mastery Head...
2026-04-27 22:01:58,960 [INFO] Phase A: Coarse Tuning (LR: 0.002)...
2026-04-27 22:21:19,438 [INFO] Phase B: Fine Tuning (Unfreeze Block 5)...
2026-04-28 02:48:25,940 [INFO] --- STARTING IMAGENET AUTONOMOUS RESEARCH ENGINE ---
2026-04-28 02:48:25,943 [INFO] Stage 1: Image Verification...
2026-04-28 02:48:25,944 [INFO] Dataset already verified (.cleaned found). Skipping verification.
2026-04-28 02:48:27,047 [INFO] 
=== STARTING RESEARCH CYCLE 1 ===
2026-04-28 02:48:27,047 [INFO] Loading previous champion for evolution...
2026-04-28 02:48:30,128 [WARNING] Full model load failed: No such layer: resnet50. Existing layers are: ['input_layer_1', 'conv1_pad', 'conv1_conv', 'conv1_bn', 'conv1_relu', 'pool1_pad', 'pool1_pool', 'conv2_block1_1_conv', 'conv2_block1_1_bn', 'conv2_block1_1_relu', 'conv2_block1_2_conv', 'conv2_block1_2_bn', 'conv2_block1_2_relu', 'conv2_block1_0_conv', 'conv2_block1_3_conv', 'conv2_block1_0_bn', 'conv2_block1_3_bn', 'conv2_block1_add', 'conv2_block1_out', 'conv2_block2_1_conv', 'conv2_block2_1_bn', 'conv2_block2_1_relu', 'conv2_block2_2_conv', 'conv2_block2_2_bn', 'conv2_block2_2_relu', 'conv2_block2_3_conv', 'conv2_block2_3_bn', 'conv2_block2_add', 'conv2_block2_out', 'conv2_block3_1_conv', 'conv2_block3_1_bn', 'conv2_block3_1_relu', 'conv2_block3_2_conv', 'conv2_block3_2_bn', 'conv2_block3_2_relu', 'conv2_block3_3_conv', 'conv2_block3_3_bn', 'conv2_block3_add', 'conv2_block3_out', 'conv3_block1_1_conv', 'conv3_block1_1_bn', 'conv3_block1_1_relu', 'conv3_block1_2_conv', 'conv3_block1_2_bn', 'conv3_block1_2_relu', 'conv3_block1_0_conv', 'conv3_block1_3_conv', 'conv3_block1_0_bn', 'conv3_block1_3_bn', 'conv3_block1_add', 'conv3_block1_out', 'conv3_block2_1_conv', 'conv3_block2_1_bn', 'conv3_block2_1_relu', 'conv3_block2_2_conv', 'conv3_block2_2_bn', 'conv3_block2_2_relu', 'conv3_block2_3_conv', 'conv3_block2_3_bn', 'conv3_block2_add', 'conv3_block2_out', 'conv3_block3_1_conv', 'conv3_block3_1_bn', 'conv3_block3_1_relu', 'conv3_block3_2_conv', 'conv3_block3_2_bn', 'conv3_block3_2_relu', 'conv3_block3_3_conv', 'conv3_block3_3_bn', 'conv3_block3_add', 'conv3_block3_out', 'conv3_block4_1_conv', 'conv3_block4_1_bn', 'conv3_block4_1_relu', 'conv3_block4_2_conv', 'conv3_block4_2_bn', 'conv3_block4_2_relu', 'conv3_block4_3_conv', 'conv3_block4_3_bn', 'conv3_block4_add', 'conv3_block4_out', 'conv4_block1_1_conv', 'conv4_block1_1_bn', 'conv4_block1_1_relu', 'conv4_block1_2_conv', 'conv4_block1_2_bn', 'conv4_block1_2_relu', 'conv4_block1_0_conv', 'conv4_block1_3_conv', 'conv4_block1_0_bn', 'conv4_block1_3_bn', 'conv4_block1_add', 'conv4_block1_out', 'conv4_block2_1_conv', 'conv4_block2_1_bn', 'conv4_block2_1_relu', 'conv4_block2_2_conv', 'conv4_block2_2_bn', 'conv4_block2_2_relu', 'conv4_block2_3_conv', 'conv4_block2_3_bn', 'conv4_block2_add', 'conv4_block2_out', 'conv4_block3_1_conv', 'conv4_block3_1_bn', 'conv4_block3_1_relu', 'conv4_block3_2_conv', 'conv4_block3_2_bn', 'conv4_block3_2_relu', 'conv4_block3_3_conv', 'conv4_block3_3_bn', 'conv4_block3_add', 'conv4_block3_out', 'conv4_block4_1_conv', 'conv4_block4_1_bn', 'conv4_block4_1_relu', 'conv4_block4_2_conv', 'conv4_block4_2_bn', 'conv4_block4_2_relu', 'conv4_block4_3_conv', 'conv4_block4_3_bn', 'conv4_block4_add', 'conv4_block4_out', 'conv4_block5_1_conv', 'conv4_block5_1_bn', 'conv4_block5_1_relu', 'conv4_block5_2_conv', 'conv4_block5_2_bn', 'conv4_block5_2_relu', 'conv4_block5_3_conv', 'conv4_block5_3_bn', 'conv4_block5_add', 'conv4_block5_out', 'conv4_block6_1_conv', 'conv4_block6_1_bn', 'conv4_block6_1_relu', 'conv4_block6_2_conv', 'conv4_block6_2_bn', 'conv4_block6_2_relu', 'conv4_block6_3_conv', 'conv4_block6_3_bn', 'conv4_block6_add', 'conv4_block6_out', 'conv5_block1_1_conv', 'conv5_block1_1_bn', 'conv5_block1_1_relu', 'conv5_block1_2_conv', 'conv5_block1_2_bn', 'conv5_block1_2_relu', 'conv5_block1_0_conv', 'conv5_block1_3_conv', 'conv5_block1_0_bn', 'conv5_block1_3_bn', 'conv5_block1_add', 'conv5_block1_out', 'conv5_block2_1_conv', 'conv5_block2_1_bn', 'conv5_block2_1_relu', 'conv5_block2_2_conv', 'conv5_block2_2_bn', 'conv5_block2_2_relu', 'conv5_block2_3_conv', 'conv5_block2_3_bn', 'conv5_block2_add', 'conv5_block2_out', 'conv5_block3_1_conv', 'conv5_block3_1_bn', 'conv5_block3_1_relu', 'conv5_block3_2_conv', 'conv5_block3_2_bn', 'conv5_block3_2_relu', 'conv5_block3_3_conv', 'conv5_block3_3_bn', 'conv5_block3_add', 'conv5_block3_out', 'global_average_pooling2d', 'dense'].. Building fresh.
2026-04-28 02:48:30,129 [INFO] Building Standard ImageNet Model (ResNet50) with Mastery Head...
2026-04-28 02:48:32,063 [INFO] Phase A: Coarse Tuning (LR: 0.002)...
2026-04-28 02:52:57,308 [INFO] --- STARTING IMAGENET AUTONOMOUS RESEARCH ENGINE ---
2026-04-28 02:52:57,317 [INFO] Stage 1: Image Verification...
2026-04-28 02:52:57,317 [INFO] Dataset already verified (.cleaned found). Skipping verification.
2026-04-28 02:53:05,793 [INFO] 
=== STARTING RESEARCH CYCLE 1 ===
2026-04-28 02:53:05,794 [INFO] Loading previous champion for evolution...
2026-04-28 02:53:32,648 [WARNING] Full model load failed: No such layer: resnet50. Existing layers are: ['input_layer_1', 'conv1_pad', 'conv1_conv', 'conv1_bn', 'conv1_relu', 'pool1_pad', 'pool1_pool', 'conv2_block1_1_conv', 'conv2_block1_1_bn', 'conv2_block1_1_relu', 'conv2_block1_2_conv', 'conv2_block1_2_bn', 'conv2_block1_2_relu', 'conv2_block1_0_conv', 'conv2_block1_3_conv', 'conv2_block1_0_bn', 'conv2_block1_3_bn', 'conv2_block1_add', 'conv2_block1_out', 'conv2_block2_1_conv', 'conv2_block2_1_bn', 'conv2_block2_1_relu', 'conv2_block2_2_conv', 'conv2_block2_2_bn', 'conv2_block2_2_relu', 'conv2_block2_3_conv', 'conv2_block2_3_bn', 'conv2_block2_add', 'conv2_block2_out', 'conv2_block3_1_conv', 'conv2_block3_1_bn', 'conv2_block3_1_relu', 'conv2_block3_2_conv', 'conv2_block3_2_bn', 'conv2_block3_2_relu', 'conv2_block3_3_conv', 'conv2_block3_3_bn', 'conv2_block3_add', 'conv2_block3_out', 'conv3_block1_1_conv', 'conv3_block1_1_bn', 'conv3_block1_1_relu', 'conv3_block1_2_conv', 'conv3_block1_2_bn', 'conv3_block1_2_relu', 'conv3_block1_0_conv', 'conv3_block1_3_conv', 'conv3_block1_0_bn', 'conv3_block1_3_bn', 'conv3_block1_add', 'conv3_block1_out', 'conv3_block2_1_conv', 'conv3_block2_1_bn', 'conv3_block2_1_relu', 'conv3_block2_2_conv', 'conv3_block2_2_bn', 'conv3_block2_2_relu', 'conv3_block2_3_conv', 'conv3_block2_3_bn', 'conv3_block2_add', 'conv3_block2_out', 'conv3_block3_1_conv', 'conv3_block3_1_bn', 'conv3_block3_1_relu', 'conv3_block3_2_conv', 'conv3_block3_2_bn', 'conv3_block3_2_relu', 'conv3_block3_3_conv', 'conv3_block3_3_bn', 'conv3_block3_add', 'conv3_block3_out', 'conv3_block4_1_conv', 'conv3_block4_1_bn', 'conv3_block4_1_relu', 'conv3_block4_2_conv', 'conv3_block4_2_bn', 'conv3_block4_2_relu', 'conv3_block4_3_conv', 'conv3_block4_3_bn', 'conv3_block4_add', 'conv3_block4_out', 'conv4_block1_1_conv', 'conv4_block1_1_bn', 'conv4_block1_1_relu', 'conv4_block1_2_conv', 'conv4_block1_2_bn', 'conv4_block1_2_relu', 'conv4_block1_0_conv', 'conv4_block1_3_conv', 'conv4_block1_0_bn', 'conv4_block1_3_bn', 'conv4_block1_add', 'conv4_block1_out', 'conv4_block2_1_conv', 'conv4_block2_1_bn', 'conv4_block2_1_relu', 'conv4_block2_2_conv', 'conv4_block2_2_bn', 'conv4_block2_2_relu', 'conv4_block2_3_conv', 'conv4_block2_3_bn', 'conv4_block2_add', 'conv4_block2_out', 'conv4_block3_1_conv', 'conv4_block3_1_bn', 'conv4_block3_1_relu', 'conv4_block3_2_conv', 'conv4_block3_2_bn', 'conv4_block3_2_relu', 'conv4_block3_3_conv', 'conv4_block3_3_bn', 'conv4_block3_add', 'conv4_block3_out', 'conv4_block4_1_conv', 'conv4_block4_1_bn', 'conv4_block4_1_relu', 'conv4_block4_2_conv', 'conv4_block4_2_bn', 'conv4_block4_2_relu', 'conv4_block4_3_conv', 'conv4_block4_3_bn', 'conv4_block4_add', 'conv4_block4_out', 'conv4_block5_1_conv', 'conv4_block5_1_bn', 'conv4_block5_1_relu', 'conv4_block5_2_conv', 'conv4_block5_2_bn', 'conv4_block5_2_relu', 'conv4_block5_3_conv', 'conv4_block5_3_bn', 'conv4_block5_add', 'conv4_block5_out', 'conv4_block6_1_conv', 'conv4_block6_1_bn', 'conv4_block6_1_relu', 'conv4_block6_2_conv', 'conv4_block6_2_bn', 'conv4_block6_2_relu', 'conv4_block6_3_conv', 'conv4_block6_3_bn', 'conv4_block6_add', 'conv4_block6_out', 'conv5_block1_1_conv', 'conv5_block1_1_bn', 'conv5_block1_1_relu', 'conv5_block1_2_conv', 'conv5_block1_2_bn', 'conv5_block1_2_relu', 'conv5_block1_0_conv', 'conv5_block1_3_conv', 'conv5_block1_0_bn', 'conv5_block1_3_bn', 'conv5_block1_add', 'conv5_block1_out', 'conv5_block2_1_conv', 'conv5_block2_1_bn', 'conv5_block2_1_relu', 'conv5_block2_2_conv', 'conv5_block2_2_bn', 'conv5_block2_2_relu', 'conv5_block2_3_conv', 'conv5_block2_3_bn', 'conv5_block2_add', 'conv5_block2_out', 'conv5_block3_1_conv', 'conv5_block3_1_bn', 'conv5_block3_1_relu', 'conv5_block3_2_conv', 'conv5_block3_2_bn', 'conv5_block3_2_relu', 'conv5_block3_3_conv', 'conv5_block3_3_bn', 'conv5_block3_add', 'conv5_block3_out', 'global_average_pooling2d', 'dense'].. Building fresh.
2026-04-28 02:53:32,655 [INFO] Building Standard ImageNet Model (ResNet50) with Mastery Head...
2026-04-28 02:53:50,878 [INFO] Phase A: Coarse Tuning (LR: 0.002)...
2026-04-28 03:05:01,900 [INFO] Phase B: Fine Tuning (Unfreeze Block 5)...
2026-04-28 03:21:55,445 [INFO] Computing validation metrics...
2026-04-28 03:25:22,237 [INFO] Cycle 1 Results: Acc=0.3528, Mastery=43.74
2026-04-28 03:25:22,238 [INFO] >>> NEW CHAMPION DETECTED. SAVING WEIGHTS.
2026-04-28 03:25:26,688 [INFO] EXPERIMENT LOGGED: Reduced Learning Rate (0.5x) -> UNDERFITTING
2026-04-28 03:25:29,148 [WARNING] From C:\Users\vijay\AppData\Local\Programs\Python\Python313\Lib\site-packages\keras\src\backend\common\global_state.py:82: The name tf.reset_default_graph is deprecated. Please use tf.compat.v1.reset_default_graph instead.

2026-04-28 03:25:30,890 [INFO] 
=== STARTING RESEARCH CYCLE 2 ===
2026-04-28 03:25:30,890 [INFO] Loading previous champion for evolution...
2026-04-28 03:25:35,884 [WARNING] Full model load failed: No such layer: resnet50. Existing layers are: ['input_layer_1', 'conv1_pad', 'conv1_conv', 'conv1_bn', 'conv1_relu', 'pool1_pad', 'pool1_pool', 'conv2_block1_1_conv', 'conv2_block1_1_bn', 'conv2_block1_1_relu', 'conv2_block1_2_conv', 'conv2_block1_2_bn', 'conv2_block1_2_relu', 'conv2_block1_0_conv', 'conv2_block1_3_conv', 'conv2_block1_0_bn', 'conv2_block1_3_bn', 'conv2_block1_add', 'conv2_block1_out', 'conv2_block2_1_conv', 'conv2_block2_1_bn', 'conv2_block2_1_relu', 'conv2_block2_2_conv', 'conv2_block2_2_bn', 'conv2_block2_2_relu', 'conv2_block2_3_conv', 'conv2_block2_3_bn', 'conv2_block2_add', 'conv2_block2_out', 'conv2_block3_1_conv', 'conv2_block3_1_bn', 'conv2_block3_1_relu', 'conv2_block3_2_conv', 'conv2_block3_2_bn', 'conv2_block3_2_relu', 'conv2_block3_3_conv', 'conv2_block3_3_bn', 'conv2_block3_add', 'conv2_block3_out', 'conv3_block1_1_conv', 'conv3_block1_1_bn', 'conv3_block1_1_relu', 'conv3_block1_2_conv', 'conv3_block1_2_bn', 'conv3_block1_2_relu', 'conv3_block1_0_conv', 'conv3_block1_3_conv', 'conv3_block1_0_bn', 'conv3_block1_3_bn', 'conv3_block1_add', 'conv3_block1_out', 'conv3_block2_1_conv', 'conv3_block2_1_bn', 'conv3_block2_1_relu', 'conv3_block2_2_conv', 'conv3_block2_2_bn', 'conv3_block2_2_relu', 'conv3_block2_3_conv', 'conv3_block2_3_bn', 'conv3_block2_add', 'conv3_block2_out', 'conv3_block3_1_conv', 'conv3_block3_1_bn', 'conv3_block3_1_relu', 'conv3_block3_2_conv', 'conv3_block3_2_bn', 'conv3_block3_2_relu', 'conv3_block3_3_conv', 'conv3_block3_3_bn', 'conv3_block3_add', 'conv3_block3_out', 'conv3_block4_1_conv', 'conv3_block4_1_bn', 'conv3_block4_1_relu', 'conv3_block4_2_conv', 'conv3_block4_2_bn', 'conv3_block4_2_relu', 'conv3_block4_3_conv', 'conv3_block4_3_bn', 'conv3_block4_add', 'conv3_block4_out', 'conv4_block1_1_conv', 'conv4_block1_1_bn', 'conv4_block1_1_relu', 'conv4_block1_2_conv', 'conv4_block1_2_bn', 'conv4_block1_2_relu', 'conv4_block1_0_conv', 'conv4_block1_3_conv', 'conv4_block1_0_bn', 'conv4_block1_3_bn', 'conv4_block1_add', 'conv4_block1_out', 'conv4_block2_1_conv', 'conv4_block2_1_bn', 'conv4_block2_1_relu', 'conv4_block2_2_conv', 'conv4_block2_2_bn', 'conv4_block2_2_relu', 'conv4_block2_3_conv', 'conv4_block2_3_bn', 'conv4_block2_add', 'conv4_block2_out', 'conv4_block3_1_conv', 'conv4_block3_1_bn', 'conv4_block3_1_relu', 'conv4_block3_2_conv', 'conv4_block3_2_bn', 'conv4_block3_2_relu', 'conv4_block3_3_conv', 'conv4_block3_3_bn', 'conv4_block3_add', 'conv4_block3_out', 'conv4_block4_1_conv', 'conv4_block4_1_bn', 'conv4_block4_1_relu', 'conv4_block4_2_conv', 'conv4_block4_2_bn', 'conv4_block4_2_relu', 'conv4_block4_3_conv', 'conv4_block4_3_bn', 'conv4_block4_add', 'conv4_block4_out', 'conv4_block5_1_conv', 'conv4_block5_1_bn', 'conv4_block5_1_relu', 'conv4_block5_2_conv', 'conv4_block5_2_bn', 'conv4_block5_2_relu', 'conv4_block5_3_conv', 'conv4_block5_3_bn', 'conv4_block5_add', 'conv4_block5_out', 'conv4_block6_1_conv', 'conv4_block6_1_bn', 'conv4_block6_1_relu', 'conv4_block6_2_conv', 'conv4_block6_2_bn', 'conv4_block6_2_relu', 'conv4_block6_3_conv', 'conv4_block6_3_bn', 'conv4_block6_add', 'conv4_block6_out', 'conv5_block1_1_conv', 'conv5_block1_1_bn', 'conv5_block1_1_relu', 'conv5_block1_2_conv', 'conv5_block1_2_bn', 'conv5_block1_2_relu', 'conv5_block1_0_conv', 'conv5_block1_3_conv', 'conv5_block1_0_bn', 'conv5_block1_3_bn', 'conv5_block1_add', 'conv5_block1_out', 'conv5_block2_1_conv', 'conv5_block2_1_bn', 'conv5_block2_1_relu', 'conv5_block2_2_conv', 'conv5_block2_2_bn', 'conv5_block2_2_relu', 'conv5_block2_3_conv', 'conv5_block2_3_bn', 'conv5_block2_add', 'conv5_block2_out', 'conv5_block3_1_conv', 'conv5_block3_1_bn', 'conv5_block3_1_relu', 'conv5_block3_2_conv', 'conv5_block3_2_bn', 'conv5_block3_2_relu', 'conv5_block3_3_conv', 'conv5_block3_3_bn', 'conv5_block3_add', 'conv5_block3_out', 'global_average_pooling2d', 'batch_normalization', 'dropout', 'dense', 'batch_normalization_1', 'dropout_1', 'dense_1'].. Building fresh.
2026-04-28 03:25:35,890 [INFO] Building Standard ImageNet Model (ResNet50) with Mastery Head...
2026-04-28 03:25:38,425 [INFO] Phase A: Coarse Tuning (LR: 0.001)...
2026-04-28 03:35:15,618 [INFO] Phase B: Fine Tuning (Unfreeze Block 5)...
2026-04-28 03:50:05,058 [INFO] Computing validation metrics...
2026-04-28 03:52:05,893 [INFO] Cycle 2 Results: Acc=0.4133, Mastery=49.26
2026-04-28 03:52:05,893 [INFO] >>> NEW CHAMPION DETECTED. SAVING WEIGHTS.
2026-04-28 03:52:06,893 [INFO] EXPERIMENT LOGGED: Reduced Learning Rate (0.5x) -> UNDERFITTING
2026-04-28 03:52:07,786 [INFO] 
=== STARTING RESEARCH CYCLE 3 ===
2026-04-28 03:52:07,787 [INFO] Loading previous champion for evolution...
2026-04-28 03:52:09,127 [WARNING] Full model load failed: No such layer: resnet50. Existing layers are: ['input_layer', 'conv1_pad', 'conv1_conv', 'conv1_bn', 'conv1_relu', 'pool1_pad', 'pool1_pool', 'conv2_block1_1_conv', 'conv2_block1_1_bn', 'conv2_block1_1_relu', 'conv2_block1_2_conv', 'conv2_block1_2_bn', 'conv2_block1_2_relu', 'conv2_block1_0_conv', 'conv2_block1_3_conv', 'conv2_block1_0_bn', 'conv2_block1_3_bn', 'conv2_block1_add', 'conv2_block1_out', 'conv2_block2_1_conv', 'conv2_block2_1_bn', 'conv2_block2_1_relu', 'conv2_block2_2_conv', 'conv2_block2_2_bn', 'conv2_block2_2_relu', 'conv2_block2_3_conv', 'conv2_block2_3_bn', 'conv2_block2_add', 'conv2_block2_out', 'conv2_block3_1_conv', 'conv2_block3_1_bn', 'conv2_block3_1_relu', 'conv2_block3_2_conv', 'conv2_block3_2_bn', 'conv2_block3_2_relu', 'conv2_block3_3_conv', 'conv2_block3_3_bn', 'conv2_block3_add', 'conv2_block3_out', 'conv3_block1_1_conv', 'conv3_block1_1_bn', 'conv3_block1_1_relu', 'conv3_block1_2_conv', 'conv3_block1_2_bn', 'conv3_block1_2_relu', 'conv3_block1_0_conv', 'conv3_block1_3_conv', 'conv3_block1_0_bn', 'conv3_block1_3_bn', 'conv3_block1_add', 'conv3_block1_out', 'conv3_block2_1_conv', 'conv3_block2_1_bn', 'conv3_block2_1_relu', 'conv3_block2_2_conv', 'conv3_block2_2_bn', 'conv3_block2_2_relu', 'conv3_block2_3_conv', 'conv3_block2_3_bn', 'conv3_block2_add', 'conv3_block2_out', 'conv3_block3_1_conv', 'conv3_block3_1_bn', 'conv3_block3_1_relu', 'conv3_block3_2_conv', 'conv3_block3_2_bn', 'conv3_block3_2_relu', 'conv3_block3_3_conv', 'conv3_block3_3_bn', 'conv3_block3_add', 'conv3_block3_out', 'conv3_block4_1_conv', 'conv3_block4_1_bn', 'conv3_block4_1_relu', 'conv3_block4_2_conv', 'conv3_block4_2_bn', 'conv3_block4_2_relu', 'conv3_block4_3_conv', 'conv3_block4_3_bn', 'conv3_block4_add', 'conv3_block4_out', 'conv4_block1_1_conv', 'conv4_block1_1_bn', 'conv4_block1_1_relu', 'conv4_block1_2_conv', 'conv4_block1_2_bn', 'conv4_block1_2_relu', 'conv4_block1_0_conv', 'conv4_block1_3_conv', 'conv4_block1_0_bn', 'conv4_block1_3_bn', 'conv4_block1_add', 'conv4_block1_out', 'conv4_block2_1_conv', 'conv4_block2_1_bn', 'conv4_block2_1_relu', 'conv4_block2_2_conv', 'conv4_block2_2_bn', 'conv4_block2_2_relu', 'conv4_block2_3_conv', 'conv4_block2_3_bn', 'conv4_block2_add', 'conv4_block2_out', 'conv4_block3_1_conv', 'conv4_block3_1_bn', 'conv4_block3_1_relu', 'conv4_block3_2_conv', 'conv4_block3_2_bn', 'conv4_block3_2_relu', 'conv4_block3_3_conv', 'conv4_block3_3_bn', 'conv4_block3_add', 'conv4_block3_out', 'conv4_block4_1_conv', 'conv4_block4_1_bn', 'conv4_block4_1_relu', 'conv4_block4_2_conv', 'conv4_block4_2_bn', 'conv4_block4_2_relu', 'conv4_block4_3_conv', 'conv4_block4_3_bn', 'conv4_block4_add', 'conv4_block4_out', 'conv4_block5_1_conv', 'conv4_block5_1_bn', 'conv4_block5_1_relu', 'conv4_block5_2_conv', 'conv4_block5_2_bn', 'conv4_block5_2_relu', 'conv4_block5_3_conv', 'conv4_block5_3_bn', 'conv4_block5_add', 'conv4_block5_out', 'conv4_block6_1_conv', 'conv4_block6_1_bn', 'conv4_block6_1_relu', 'conv4_block6_2_conv', 'conv4_block6_2_bn', 'conv4_block6_2_relu', 'conv4_block6_3_conv', 'conv4_block6_3_bn', 'conv4_block6_add', 'conv4_block6_out', 'conv5_block1_1_conv', 'conv5_block1_1_bn', 'conv5_block1_1_relu', 'conv5_block1_2_conv', 'conv5_block1_2_bn', 'conv5_block1_2_relu', 'conv5_block1_0_conv', 'conv5_block1_3_conv', 'conv5_block1_0_bn', 'conv5_block1_3_bn', 'conv5_block1_add', 'conv5_block1_out', 'conv5_block2_1_conv', 'conv5_block2_1_bn', 'conv5_block2_1_relu', 'conv5_block2_2_conv', 'conv5_block2_2_bn', 'conv5_block2_2_relu', 'conv5_block2_3_conv', 'conv5_block2_3_bn', 'conv5_block2_add', 'conv5_block2_out', 'conv5_block3_1_conv', 'conv5_block3_1_bn', 'conv5_block3_1_relu', 'conv5_block3_2_conv', 'conv5_block3_2_bn', 'conv5_block3_2_relu', 'conv5_block3_3_conv', 'conv5_block3_3_bn', 'conv5_block3_add', 'conv5_block3_out', 'global_average_pooling2d', 'batch_normalization', 'dropout', 'dense', 'batch_normalization_1', 'dropout_1', 'dense_1'].. Building fresh.
2026-04-28 03:52:09,127 [INFO] Building Standard ImageNet Model (ResNet50) with Mastery Head...
2026-04-28 03:52:09,883 [INFO] Phase A: Coarse Tuning (LR: 0.001)...
2026-04-28 03:58:07,554 [INFO] Phase B: Fine Tuning (Unfreeze Block 5)...
2026-04-28 04:07:40,898 [INFO] Computing validation metrics...
2026-04-28 04:09:07,642 [INFO] Cycle 3 Results: Acc=0.3661, Mastery=46.61
2026-04-28 04:09:07,642 [INFO] >>> PERFORMANCE REJECTED (No statistical improvement).
2026-04-28 04:09:07,643 [INFO] EXPERIMENT LOGGED: Reduced Learning Rate (0.5x) -> UNDERFITTING
2026-04-28 04:09:08,869 [INFO] 
=== STARTING RESEARCH CYCLE 4 ===
2026-04-28 04:09:08,869 [INFO] Loading previous champion for evolution...
2026-04-28 04:09:11,554 [WARNING] Full model load failed: No such layer: resnet50. Existing layers are: ['input_layer', 'conv1_pad', 'conv1_conv', 'conv1_bn', 'conv1_relu', 'pool1_pad', 'pool1_pool', 'conv2_block1_1_conv', 'conv2_block1_1_bn', 'conv2_block1_1_relu', 'conv2_block1_2_conv', 'conv2_block1_2_bn', 'conv2_block1_2_relu', 'conv2_block1_0_conv', 'conv2_block1_3_conv', 'conv2_block1_0_bn', 'conv2_block1_3_bn', 'conv2_block1_add', 'conv2_block1_out', 'conv2_block2_1_conv', 'conv2_block2_1_bn', 'conv2_block2_1_relu', 'conv2_block2_2_conv', 'conv2_block2_2_bn', 'conv2_block2_2_relu', 'conv2_block2_3_conv', 'conv2_block2_3_bn', 'conv2_block2_add', 'conv2_block2_out', 'conv2_block3_1_conv', 'conv2_block3_1_bn', 'conv2_block3_1_relu', 'conv2_block3_2_conv', 'conv2_block3_2_bn', 'conv2_block3_2_relu', 'conv2_block3_3_conv', 'conv2_block3_3_bn', 'conv2_block3_add', 'conv2_block3_out', 'conv3_block1_1_conv', 'conv3_block1_1_bn', 'conv3_block1_1_relu', 'conv3_block1_2_conv', 'conv3_block1_2_bn', 'conv3_block1_2_relu', 'conv3_block1_0_conv', 'conv3_block1_3_conv', 'conv3_block1_0_bn', 'conv3_block1_3_bn', 'conv3_block1_add', 'conv3_block1_out', 'conv3_block2_1_conv', 'conv3_block2_1_bn', 'conv3_block2_1_relu', 'conv3_block2_2_conv', 'conv3_block2_2_bn', 'conv3_block2_2_relu', 'conv3_block2_3_conv', 'conv3_block2_3_bn', 'conv3_block2_add', 'conv3_block2_out', 'conv3_block3_1_conv', 'conv3_block3_1_bn', 'conv3_block3_1_relu', 'conv3_block3_2_conv', 'conv3_block3_2_bn', 'conv3_block3_2_relu', 'conv3_block3_3_conv', 'conv3_block3_3_bn', 'conv3_block3_add', 'conv3_block3_out', 'conv3_block4_1_conv', 'conv3_block4_1_bn', 'conv3_block4_1_relu', 'conv3_block4_2_conv', 'conv3_block4_2_bn', 'conv3_block4_2_relu', 'conv3_block4_3_conv', 'conv3_block4_3_bn', 'conv3_block4_add', 'conv3_block4_out', 'conv4_block1_1_conv', 'conv4_block1_1_bn', 'conv4_block1_1_relu', 'conv4_block1_2_conv', 'conv4_block1_2_bn', 'conv4_block1_2_relu', 'conv4_block1_0_conv', 'conv4_block1_3_conv', 'conv4_block1_0_bn', 'conv4_block1_3_bn', 'conv4_block1_add', 'conv4_block1_out', 'conv4_block2_1_conv', 'conv4_block2_1_bn', 'conv4_block2_1_relu', 'conv4_block2_2_conv', 'conv4_block2_2_bn', 'conv4_block2_2_relu', 'conv4_block2_3_conv', 'conv4_block2_3_bn', 'conv4_block2_add', 'conv4_block2_out', 'conv4_block3_1_conv', 'conv4_block3_1_bn', 'conv4_block3_1_relu', 'conv4_block3_2_conv', 'conv4_block3_2_bn', 'conv4_block3_2_relu', 'conv4_block3_3_conv', 'conv4_block3_3_bn', 'conv4_block3_add', 'conv4_block3_out', 'conv4_block4_1_conv', 'conv4_block4_1_bn', 'conv4_block4_1_relu', 'conv4_block4_2_conv', 'conv4_block4_2_bn', 'conv4_block4_2_relu', 'conv4_block4_3_conv', 'conv4_block4_3_bn', 'conv4_block4_add', 'conv4_block4_out', 'conv4_block5_1_conv', 'conv4_block5_1_bn', 'conv4_block5_1_relu', 'conv4_block5_2_conv', 'conv4_block5_2_bn', 'conv4_block5_2_relu', 'conv4_block5_3_conv', 'conv4_block5_3_bn', 'conv4_block5_add', 'conv4_block5_out', 'conv4_block6_1_conv', 'conv4_block6_1_bn', 'conv4_block6_1_relu', 'conv4_block6_2_conv', 'conv4_block6_2_bn', 'conv4_block6_2_relu', 'conv4_block6_3_conv', 'conv4_block6_3_bn', 'conv4_block6_add', 'conv4_block6_out', 'conv5_block1_1_conv', 'conv5_block1_1_bn', 'conv5_block1_1_relu', 'conv5_block1_2_conv', 'conv5_block1_2_bn', 'conv5_block1_2_relu', 'conv5_block1_0_conv', 'conv5_block1_3_conv', 'conv5_block1_0_bn', 'conv5_block1_3_bn', 'conv5_block1_add', 'conv5_block1_out', 'conv5_block2_1_conv', 'conv5_block2_1_bn', 'conv5_block2_1_relu', 'conv5_block2_2_conv', 'conv5_block2_2_bn', 'conv5_block2_2_relu', 'conv5_block2_3_conv', 'conv5_block2_3_bn', 'conv5_block2_add', 'conv5_block2_out', 'conv5_block3_1_conv', 'conv5_block3_1_bn', 'conv5_block3_1_relu', 'conv5_block3_2_conv', 'conv5_block3_2_bn', 'conv5_block3_2_relu', 'conv5_block3_3_conv', 'conv5_block3_3_bn', 'conv5_block3_add', 'conv5_block3_out', 'global_average_pooling2d', 'batch_normalization', 'dropout', 'dense', 'batch_normalization_1', 'dropout_1', 'dense_1'].. Building fresh.
2026-04-28 04:09:11,554 [INFO] Building Standard ImageNet Model (ResNet50) with Mastery Head...
2026-04-28 04:09:13,254 [INFO] Phase A: Coarse Tuning (LR: 0.001)...
2026-04-28 04:15:05,297 [INFO] Phase B: Fine Tuning (Unfreeze Block 5)...
2026-04-28 04:26:19,586 [INFO] Computing validation metrics...
2026-04-28 04:28:00,251 [INFO] Cycle 4 Results: Acc=0.3967, Mastery=48.05
2026-04-28 04:28:00,251 [INFO] >>> PERFORMANCE REJECTED (No statistical improvement).
2026-04-28 04:28:00,252 [INFO] EXPERIMENT LOGGED: Reduced Learning Rate (0.5x) -> UNDERFITTING
2026-04-28 04:28:01,495 [INFO] 
=== STARTING RESEARCH CYCLE 5 ===
2026-04-28 04:28:01,495 [INFO] Loading previous champion for evolution...
2026-04-28 04:28:02,885 [WARNING] Full model load failed: No such layer: resnet50. Existing layers are: ['input_layer', 'conv1_pad', 'conv1_conv', 'conv1_bn', 'conv1_relu', 'pool1_pad', 'pool1_pool', 'conv2_block1_1_conv', 'conv2_block1_1_bn', 'conv2_block1_1_relu', 'conv2_block1_2_conv', 'conv2_block1_2_bn', 'conv2_block1_2_relu', 'conv2_block1_0_conv', 'conv2_block1_3_conv', 'conv2_block1_0_bn', 'conv2_block1_3_bn', 'conv2_block1_add', 'conv2_block1_out', 'conv2_block2_1_conv', 'conv2_block2_1_bn', 'conv2_block2_1_relu', 'conv2_block2_2_conv', 'conv2_block2_2_bn', 'conv2_block2_2_relu', 'conv2_block2_3_conv', 'conv2_block2_3_bn', 'conv2_block2_add', 'conv2_block2_out', 'conv2_block3_1_conv', 'conv2_block3_1_bn', 'conv2_block3_1_relu', 'conv2_block3_2_conv', 'conv2_block3_2_bn', 'conv2_block3_2_relu', 'conv2_block3_3_conv', 'conv2_block3_3_bn', 'conv2_block3_add', 'conv2_block3_out', 'conv3_block1_1_conv', 'conv3_block1_1_bn', 'conv3_block1_1_relu', 'conv3_block1_2_conv', 'conv3_block1_2_bn', 'conv3_block1_2_relu', 'conv3_block1_0_conv', 'conv3_block1_3_conv', 'conv3_block1_0_bn', 'conv3_block1_3_bn', 'conv3_block1_add', 'conv3_block1_out', 'conv3_block2_1_conv', 'conv3_block2_1_bn', 'conv3_block2_1_relu', 'conv3_block2_2_conv', 'conv3_block2_2_bn', 'conv3_block2_2_relu', 'conv3_block2_3_conv', 'conv3_block2_3_bn', 'conv3_block2_add', 'conv3_block2_out', 'conv3_block3_1_conv', 'conv3_block3_1_bn', 'conv3_block3_1_relu', 'conv3_block3_2_conv', 'conv3_block3_2_bn', 'conv3_block3_2_relu', 'conv3_block3_3_conv', 'conv3_block3_3_bn', 'conv3_block3_add', 'conv3_block3_out', 'conv3_block4_1_conv', 'conv3_block4_1_bn', 'conv3_block4_1_relu', 'conv3_block4_2_conv', 'conv3_block4_2_bn', 'conv3_block4_2_relu', 'conv3_block4_3_conv', 'conv3_block4_3_bn', 'conv3_block4_add', 'conv3_block4_out', 'conv4_block1_1_conv', 'conv4_block1_1_bn', 'conv4_block1_1_relu', 'conv4_block1_2_conv', 'conv4_block1_2_bn', 'conv4_block1_2_relu', 'conv4_block1_0_conv', 'conv4_block1_3_conv', 'conv4_block1_0_bn', 'conv4_block1_3_bn', 'conv4_block1_add', 'conv4_block1_out', 'conv4_block2_1_conv', 'conv4_block2_1_bn', 'conv4_block2_1_relu', 'conv4_block2_2_conv', 'conv4_block2_2_bn', 'conv4_block2_2_relu', 'conv4_block2_3_conv', 'conv4_block2_3_bn', 'conv4_block2_add', 'conv4_block2_out', 'conv4_block3_1_conv', 'conv4_block3_1_bn', 'conv4_block3_1_relu', 'conv4_block3_2_conv', 'conv4_block3_2_bn', 'conv4_block3_2_relu', 'conv4_block3_3_conv', 'conv4_block3_3_bn', 'conv4_block3_add', 'conv4_block3_out', 'conv4_block4_1_conv', 'conv4_block4_1_bn', 'conv4_block4_1_relu', 'conv4_block4_2_conv', 'conv4_block4_2_bn', 'conv4_block4_2_relu', 'conv4_block4_3_conv', 'conv4_block4_3_bn', 'conv4_block4_add', 'conv4_block4_out', 'conv4_block5_1_conv', 'conv4_block5_1_bn', 'conv4_block5_1_relu', 'conv4_block5_2_conv', 'conv4_block5_2_bn', 'conv4_block5_2_relu', 'conv4_block5_3_conv', 'conv4_block5_3_bn', 'conv4_block5_add', 'conv4_block5_out', 'conv4_block6_1_conv', 'conv4_block6_1_bn', 'conv4_block6_1_relu', 'conv4_block6_2_conv', 'conv4_block6_2_bn', 'conv4_block6_2_relu', 'conv4_block6_3_conv', 'conv4_block6_3_bn', 'conv4_block6_add', 'conv4_block6_out', 'conv5_block1_1_conv', 'conv5_block1_1_bn', 'conv5_block1_1_relu', 'conv5_block1_2_conv', 'conv5_block1_2_bn', 'conv5_block1_2_relu', 'conv5_block1_0_conv', 'conv5_block1_3_conv', 'conv5_block1_0_bn', 'conv5_block1_3_bn', 'conv5_block1_add', 'conv5_block1_out', 'conv5_block2_1_conv', 'conv5_block2_1_bn', 'conv5_block2_1_relu', 'conv5_block2_2_conv', 'conv5_block2_2_bn', 'conv5_block2_2_relu', 'conv5_block2_3_conv', 'conv5_block2_3_bn', 'conv5_block2_add', 'conv5_block2_out', 'conv5_block3_1_conv', 'conv5_block3_1_bn', 'conv5_block3_1_relu', 'conv5_block3_2_conv', 'conv5_block3_2_bn', 'conv5_block3_2_relu', 'conv5_block3_3_conv', 'conv5_block3_3_bn', 'conv5_block3_add', 'conv5_block3_out', 'global_average_pooling2d', 'batch_normalization', 'dropout', 'dense', 'batch_normalization_1', 'dropout_1', 'dense_1'].. Building fresh.
2026-04-28 04:28:02,885 [INFO] Building Standard ImageNet Model (ResNet50) with Mastery Head...
2026-04-28 04:28:03,657 [INFO] Phase A: Coarse Tuning (LR: 0.001)...
2026-04-28 04:34:35,573 [INFO] Phase B: Fine Tuning (Unfreeze Block 5)...
2026-04-28 04:43:15,701 [INFO] Computing validation metrics...
2026-04-28 04:44:38,526 [INFO] Cycle 5 Results: Acc=0.3860, Mastery=46.96
2026-04-28 04:44:38,526 [INFO] >>> PERFORMANCE REJECTED (No statistical improvement).
2026-04-28 04:44:38,527 [INFO] EXPERIMENT LOGGED: Reduced Learning Rate (0.5x) -> UNDERFITTING
2026-04-28 04:44:40,506 [INFO] 
=== STARTING RESEARCH CYCLE 6 ===
2026-04-28 04:44:40,506 [INFO] Loading previous champion for evolution...
2026-04-28 04:44:43,814 [WARNING] Full model load failed: No such layer: resnet50. Existing layers are: ['input_layer', 'conv1_pad', 'conv1_conv', 'conv1_bn', 'conv1_relu', 'pool1_pad', 'pool1_pool', 'conv2_block1_1_conv', 'conv2_block1_1_bn', 'conv2_block1_1_relu', 'conv2_block1_2_conv', 'conv2_block1_2_bn', 'conv2_block1_2_relu', 'conv2_block1_0_conv', 'conv2_block1_3_conv', 'conv2_block1_0_bn', 'conv2_block1_3_bn', 'conv2_block1_add', 'conv2_block1_out', 'conv2_block2_1_conv', 'conv2_block2_1_bn', 'conv2_block2_1_relu', 'conv2_block2_2_conv', 'conv2_block2_2_bn', 'conv2_block2_2_relu', 'conv2_block2_3_conv', 'conv2_block2_3_bn', 'conv2_block2_add', 'conv2_block2_out', 'conv2_block3_1_conv', 'conv2_block3_1_bn', 'conv2_block3_1_relu', 'conv2_block3_2_conv', 'conv2_block3_2_bn', 'conv2_block3_2_relu', 'conv2_block3_3_conv', 'conv2_block3_3_bn', 'conv2_block3_add', 'conv2_block3_out', 'conv3_block1_1_conv', 'conv3_block1_1_bn', 'conv3_block1_1_relu', 'conv3_block1_2_conv', 'conv3_block1_2_bn', 'conv3_block1_2_relu', 'conv3_block1_0_conv', 'conv3_block1_3_conv', 'conv3_block1_0_bn', 'conv3_block1_3_bn', 'conv3_block1_add', 'conv3_block1_out', 'conv3_block2_1_conv', 'conv3_block2_1_bn', 'conv3_block2_1_relu', 'conv3_block2_2_conv', 'conv3_block2_2_bn', 'conv3_block2_2_relu', 'conv3_block2_3_conv', 'conv3_block2_3_bn', 'conv3_block2_add', 'conv3_block2_out', 'conv3_block3_1_conv', 'conv3_block3_1_bn', 'conv3_block3_1_relu', 'conv3_block3_2_conv', 'conv3_block3_2_bn', 'conv3_block3_2_relu', 'conv3_block3_3_conv', 'conv3_block3_3_bn', 'conv3_block3_add', 'conv3_block3_out', 'conv3_block4_1_conv', 'conv3_block4_1_bn', 'conv3_block4_1_relu', 'conv3_block4_2_conv', 'conv3_block4_2_bn', 'conv3_block4_2_relu', 'conv3_block4_3_conv', 'conv3_block4_3_bn', 'conv3_block4_add', 'conv3_block4_out', 'conv4_block1_1_conv', 'conv4_block1_1_bn', 'conv4_block1_1_relu', 'conv4_block1_2_conv', 'conv4_block1_2_bn', 'conv4_block1_2_relu', 'conv4_block1_0_conv', 'conv4_block1_3_conv', 'conv4_block1_0_bn', 'conv4_block1_3_bn', 'conv4_block1_add', 'conv4_block1_out', 'conv4_block2_1_conv', 'conv4_block2_1_bn', 'conv4_block2_1_relu', 'conv4_block2_2_conv', 'conv4_block2_2_bn', 'conv4_block2_2_relu', 'conv4_block2_3_conv', 'conv4_block2_3_bn', 'conv4_block2_add', 'conv4_block2_out', 'conv4_block3_1_conv', 'conv4_block3_1_bn', 'conv4_block3_1_relu', 'conv4_block3_2_conv', 'conv4_block3_2_bn', 'conv4_block3_2_relu', 'conv4_block3_3_conv', 'conv4_block3_3_bn', 'conv4_block3_add', 'conv4_block3_out', 'conv4_block4_1_conv', 'conv4_block4_1_bn', 'conv4_block4_1_relu', 'conv4_block4_2_conv', 'conv4_block4_2_bn', 'conv4_block4_2_relu', 'conv4_block4_3_conv', 'conv4_block4_3_bn', 'conv4_block4_add', 'conv4_block4_out', 'conv4_block5_1_conv', 'conv4_block5_1_bn', 'conv4_block5_1_relu', 'conv4_block5_2_conv', 'conv4_block5_2_bn', 'conv4_block5_2_relu', 'conv4_block5_3_conv', 'conv4_block5_3_bn', 'conv4_block5_add', 'conv4_block5_out', 'conv4_block6_1_conv', 'conv4_block6_1_bn', 'conv4_block6_1_relu', 'conv4_block6_2_conv', 'conv4_block6_2_bn', 'conv4_block6_2_relu', 'conv4_block6_3_conv', 'conv4_block6_3_bn', 'conv4_block6_add', 'conv4_block6_out', 'conv5_block1_1_conv', 'conv5_block1_1_bn', 'conv5_block1_1_relu', 'conv5_block1_2_conv', 'conv5_block1_2_bn', 'conv5_block1_2_relu', 'conv5_block1_0_conv', 'conv5_block1_3_conv', 'conv5_block1_0_bn', 'conv5_block1_3_bn', 'conv5_block1_add', 'conv5_block1_out', 'conv5_block2_1_conv', 'conv5_block2_1_bn', 'conv5_block2_1_relu', 'conv5_block2_2_conv', 'conv5_block2_2_bn', 'conv5_block2_2_relu', 'conv5_block2_3_conv', 'conv5_block2_3_bn', 'conv5_block2_add', 'conv5_block2_out', 'conv5_block3_1_conv', 'conv5_block3_1_bn', 'conv5_block3_1_relu', 'conv5_block3_2_conv', 'conv5_block3_2_bn', 'conv5_block3_2_relu', 'conv5_block3_3_conv', 'conv5_block3_3_bn', 'conv5_block3_add', 'conv5_block3_out', 'global_average_pooling2d', 'batch_normalization', 'dropout', 'dense', 'batch_normalization_1', 'dropout_1', 'dense_1'].. Building fresh.
2026-04-28 04:44:43,815 [INFO] Building Standard ImageNet Model (ResNet50) with Mastery Head...
2026-04-28 04:44:45,486 [INFO] Phase A: Coarse Tuning (LR: 0.001)...
2026-04-28 04:50:24,934 [INFO] Phase B: Fine Tuning (Unfreeze Block 5)...
2026-04-28 04:59:19,773 [INFO] Computing validation metrics...
2026-04-28 05:00:39,232 [INFO] Cycle 6 Results: Acc=0.3960, Mastery=47.35
2026-04-28 05:00:39,232 [INFO] >>> PERFORMANCE REJECTED (No statistical improvement).
2026-04-28 05:00:39,238 [INFO] EXPERIMENT LOGGED: Reduced Learning Rate (0.5x) -> UNDERFITTING
2026-04-28 05:00:40,977 [INFO] 
=== STARTING RESEARCH CYCLE 7 ===
2026-04-28 05:00:40,977 [INFO] Loading previous champion for evolution...
2026-04-28 05:00:42,271 [WARNING] Full model load failed: No such layer: resnet50. Existing layers are: ['input_layer', 'conv1_pad', 'conv1_conv', 'conv1_bn', 'conv1_relu', 'pool1_pad', 'pool1_pool', 'conv2_block1_1_conv', 'conv2_block1_1_bn', 'conv2_block1_1_relu', 'conv2_block1_2_conv', 'conv2_block1_2_bn', 'conv2_block1_2_relu', 'conv2_block1_0_conv', 'conv2_block1_3_conv', 'conv2_block1_0_bn', 'conv2_block1_3_bn', 'conv2_block1_add', 'conv2_block1_out', 'conv2_block2_1_conv', 'conv2_block2_1_bn', 'conv2_block2_1_relu', 'conv2_block2_2_conv', 'conv2_block2_2_bn', 'conv2_block2_2_relu', 'conv2_block2_3_conv', 'conv2_block2_3_bn', 'conv2_block2_add', 'conv2_block2_out', 'conv2_block3_1_conv', 'conv2_block3_1_bn', 'conv2_block3_1_relu', 'conv2_block3_2_conv', 'conv2_block3_2_bn', 'conv2_block3_2_relu', 'conv2_block3_3_conv', 'conv2_block3_3_bn', 'conv2_block3_add', 'conv2_block3_out', 'conv3_block1_1_conv', 'conv3_block1_1_bn', 'conv3_block1_1_relu', 'conv3_block1_2_conv', 'conv3_block1_2_bn', 'conv3_block1_2_relu', 'conv3_block1_0_conv', 'conv3_block1_3_conv', 'conv3_block1_0_bn', 'conv3_block1_3_bn', 'conv3_block1_add', 'conv3_block1_out', 'conv3_block2_1_conv', 'conv3_block2_1_bn', 'conv3_block2_1_relu', 'conv3_block2_2_conv', 'conv3_block2_2_bn', 'conv3_block2_2_relu', 'conv3_block2_3_conv', 'conv3_block2_3_bn', 'conv3_block2_add', 'conv3_block2_out', 'conv3_block3_1_conv', 'conv3_block3_1_bn', 'conv3_block3_1_relu', 'conv3_block3_2_conv', 'conv3_block3_2_bn', 'conv3_block3_2_relu', 'conv3_block3_3_conv', 'conv3_block3_3_bn', 'conv3_block3_add', 'conv3_block3_out', 'conv3_block4_1_conv', 'conv3_block4_1_bn', 'conv3_block4_1_relu', 'conv3_block4_2_conv', 'conv3_block4_2_bn', 'conv3_block4_2_relu', 'conv3_block4_3_conv', 'conv3_block4_3_bn', 'conv3_block4_add', 'conv3_block4_out', 'conv4_block1_1_conv', 'conv4_block1_1_bn', 'conv4_block1_1_relu', 'conv4_block1_2_conv', 'conv4_block1_2_bn', 'conv4_block1_2_relu', 'conv4_block1_0_conv', 'conv4_block1_3_conv', 'conv4_block1_0_bn', 'conv4_block1_3_bn', 'conv4_block1_add', 'conv4_block1_out', 'conv4_block2_1_conv', 'conv4_block2_1_bn', 'conv4_block2_1_relu', 'conv4_block2_2_conv', 'conv4_block2_2_bn', 'conv4_block2_2_relu', 'conv4_block2_3_conv', 'conv4_block2_3_bn', 'conv4_block2_add', 'conv4_block2_out', 'conv4_block3_1_conv', 'conv4_block3_1_bn', 'conv4_block3_1_relu', 'conv4_block3_2_conv', 'conv4_block3_2_bn', 'conv4_block3_2_relu', 'conv4_block3_3_conv', 'conv4_block3_3_bn', 'conv4_block3_add', 'conv4_block3_out', 'conv4_block4_1_conv', 'conv4_block4_1_bn', 'conv4_block4_1_relu', 'conv4_block4_2_conv', 'conv4_block4_2_bn', 'conv4_block4_2_relu', 'conv4_block4_3_conv', 'conv4_block4_3_bn', 'conv4_block4_add', 'conv4_block4_out', 'conv4_block5_1_conv', 'conv4_block5_1_bn', 'conv4_block5_1_relu', 'conv4_block5_2_conv', 'conv4_block5_2_bn', 'conv4_block5_2_relu', 'conv4_block5_3_conv', 'conv4_block5_3_bn', 'conv4_block5_add', 'conv4_block5_out', 'conv4_block6_1_conv', 'conv4_block6_1_bn', 'conv4_block6_1_relu', 'conv4_block6_2_conv', 'conv4_block6_2_bn', 'conv4_block6_2_relu', 'conv4_block6_3_conv', 'conv4_block6_3_bn', 'conv4_block6_add', 'conv4_block6_out', 'conv5_block1_1_conv', 'conv5_block1_1_bn', 'conv5_block1_1_relu', 'conv5_block1_2_conv', 'conv5_block1_2_bn', 'conv5_block1_2_relu', 'conv5_block1_0_conv', 'conv5_block1_3_conv', 'conv5_block1_0_bn', 'conv5_block1_3_bn', 'conv5_block1_add', 'conv5_block1_out', 'conv5_block2_1_conv', 'conv5_block2_1_bn', 'conv5_block2_1_relu', 'conv5_block2_2_conv', 'conv5_block2_2_bn', 'conv5_block2_2_relu', 'conv5_block2_3_conv', 'conv5_block2_3_bn', 'conv5_block2_add', 'conv5_block2_out', 'conv5_block3_1_conv', 'conv5_block3_1_bn', 'conv5_block3_1_relu', 'conv5_block3_2_conv', 'conv5_block3_2_bn', 'conv5_block3_2_relu', 'conv5_block3_3_conv', 'conv5_block3_3_bn', 'conv5_block3_add', 'conv5_block3_out', 'global_average_pooling2d', 'batch_normalization', 'dropout', 'dense', 'batch_normalization_1', 'dropout_1', 'dense_1'].. Building fresh.
2026-04-28 05:00:42,272 [INFO] Building Standard ImageNet Model (ResNet50) with Mastery Head...
2026-04-28 05:00:43,019 [INFO] Phase A: Coarse Tuning (LR: 0.001)...
2026-04-28 05:06:32,024 [INFO] Phase B: Fine Tuning (Unfreeze Block 5)...
2026-04-28 05:16:19,762 [INFO] Computing validation metrics...
2026-04-28 05:17:48,631 [INFO] Cycle 7 Results: Acc=0.4133, Mastery=49.47
2026-04-28 05:17:48,631 [INFO] >>> PERFORMANCE REJECTED (No statistical improvement).
2026-04-28 05:17:48,632 [INFO] EXPERIMENT LOGGED: Reduced Learning Rate (0.5x) -> UNDERFITTING
2026-04-28 05:17:50,907 [INFO] 
=== STARTING RESEARCH CYCLE 8 ===
2026-04-28 05:17:50,908 [INFO] Loading previous champion for evolution...
2026-04-28 05:17:53,759 [WARNING] Full model load failed: No such layer: resnet50. Existing layers are: ['input_layer', 'conv1_pad', 'conv1_conv', 'conv1_bn', 'conv1_relu', 'pool1_pad', 'pool1_pool', 'conv2_block1_1_conv', 'conv2_block1_1_bn', 'conv2_block1_1_relu', 'conv2_block1_2_conv', 'conv2_block1_2_bn', 'conv2_block1_2_relu', 'conv2_block1_0_conv', 'conv2_block1_3_conv', 'conv2_block1_0_bn', 'conv2_block1_3_bn', 'conv2_block1_add', 'conv2_block1_out', 'conv2_block2_1_conv', 'conv2_block2_1_bn', 'conv2_block2_1_relu', 'conv2_block2_2_conv', 'conv2_block2_2_bn', 'conv2_block2_2_relu', 'conv2_block2_3_conv', 'conv2_block2_3_bn', 'conv2_block2_add', 'conv2_block2_out', 'conv2_block3_1_conv', 'conv2_block3_1_bn', 'conv2_block3_1_relu', 'conv2_block3_2_conv', 'conv2_block3_2_bn', 'conv2_block3_2_relu', 'conv2_block3_3_conv', 'conv2_block3_3_bn', 'conv2_block3_add', 'conv2_block3_out', 'conv3_block1_1_conv', 'conv3_block1_1_bn', 'conv3_block1_1_relu', 'conv3_block1_2_conv', 'conv3_block1_2_bn', 'conv3_block1_2_relu', 'conv3_block1_0_conv', 'conv3_block1_3_conv', 'conv3_block1_0_bn', 'conv3_block1_3_bn', 'conv3_block1_add', 'conv3_block1_out', 'conv3_block2_1_conv', 'conv3_block2_1_bn', 'conv3_block2_1_relu', 'conv3_block2_2_conv', 'conv3_block2_2_bn', 'conv3_block2_2_relu', 'conv3_block2_3_conv', 'conv3_block2_3_bn', 'conv3_block2_add', 'conv3_block2_out', 'conv3_block3_1_conv', 'conv3_block3_1_bn', 'conv3_block3_1_relu', 'conv3_block3_2_conv', 'conv3_block3_2_bn', 'conv3_block3_2_relu', 'conv3_block3_3_conv', 'conv3_block3_3_bn', 'conv3_block3_add', 'conv3_block3_out', 'conv3_block4_1_conv', 'conv3_block4_1_bn', 'conv3_block4_1_relu', 'conv3_block4_2_conv', 'conv3_block4_2_bn', 'conv3_block4_2_relu', 'conv3_block4_3_conv', 'conv3_block4_3_bn', 'conv3_block4_add', 'conv3_block4_out', 'conv4_block1_1_conv', 'conv4_block1_1_bn', 'conv4_block1_1_relu', 'conv4_block1_2_conv', 'conv4_block1_2_bn', 'conv4_block1_2_relu', 'conv4_block1_0_conv', 'conv4_block1_3_conv', 'conv4_block1_0_bn', 'conv4_block1_3_bn', 'conv4_block1_add', 'conv4_block1_out', 'conv4_block2_1_conv', 'conv4_block2_1_bn', 'conv4_block2_1_relu', 'conv4_block2_2_conv', 'conv4_block2_2_bn', 'conv4_block2_2_relu', 'conv4_block2_3_conv', 'conv4_block2_3_bn', 'conv4_block2_add', 'conv4_block2_out', 'conv4_block3_1_conv', 'conv4_block3_1_bn', 'conv4_block3_1_relu', 'conv4_block3_2_conv', 'conv4_block3_2_bn', 'conv4_block3_2_relu', 'conv4_block3_3_conv', 'conv4_block3_3_bn', 'conv4_block3_add', 'conv4_block3_out', 'conv4_block4_1_conv', 'conv4_block4_1_bn', 'conv4_block4_1_relu', 'conv4_block4_2_conv', 'conv4_block4_2_bn', 'conv4_block4_2_relu', 'conv4_block4_3_conv', 'conv4_block4_3_bn', 'conv4_block4_add', 'conv4_block4_out', 'conv4_block5_1_conv', 'conv4_block5_1_bn', 'conv4_block5_1_relu', 'conv4_block5_2_conv', 'conv4_block5_2_bn', 'conv4_block5_2_relu', 'conv4_block5_3_conv', 'conv4_block5_3_bn', 'conv4_block5_add', 'conv4_block5_out', 'conv4_block6_1_conv', 'conv4_block6_1_bn', 'conv4_block6_1_relu', 'conv4_block6_2_conv', 'conv4_block6_2_bn', 'conv4_block6_2_relu', 'conv4_block6_3_conv', 'conv4_block6_3_bn', 'conv4_block6_add', 'conv4_block6_out', 'conv5_block1_1_conv', 'conv5_block1_1_bn', 'conv5_block1_1_relu', 'conv5_block1_2_conv', 'conv5_block1_2_bn', 'conv5_block1_2_relu', 'conv5_block1_0_conv', 'conv5_block1_3_conv', 'conv5_block1_0_bn', 'conv5_block1_3_bn', 'conv5_block1_add', 'conv5_block1_out', 'conv5_block2_1_conv', 'conv5_block2_1_bn', 'conv5_block2_1_relu', 'conv5_block2_2_conv', 'conv5_block2_2_bn', 'conv5_block2_2_relu', 'conv5_block2_3_conv', 'conv5_block2_3_bn', 'conv5_block2_add', 'conv5_block2_out', 'conv5_block3_1_conv', 'conv5_block3_1_bn', 'conv5_block3_1_relu', 'conv5_block3_2_conv', 'conv5_block3_2_bn', 'conv5_block3_2_relu', 'conv5_block3_3_conv', 'conv5_block3_3_bn', 'conv5_block3_add', 'conv5_block3_out', 'global_average_pooling2d', 'batch_normalization', 'dropout', 'dense', 'batch_normalization_1', 'dropout_1', 'dense_1'].. Building fresh.
2026-04-28 05:17:53,759 [INFO] Building Standard ImageNet Model (ResNet50) with Mastery Head...
2026-04-28 05:17:55,489 [INFO] Phase A: Coarse Tuning (LR: 0.001)...
2026-04-28 05:24:05,760 [INFO] Phase B: Fine Tuning (Unfreeze Block 5)...
2026-04-28 05:33:40,604 [INFO] Computing validation metrics...
2026-04-28 05:35:10,071 [INFO] Cycle 8 Results: Acc=0.4073, Mastery=49.33
2026-04-28 05:35:10,071 [INFO] >>> PERFORMANCE REJECTED (No statistical improvement).
2026-04-28 05:35:10,073 [INFO] EXPERIMENT LOGGED: Reduced Learning Rate (0.5x) -> UNDERFITTING
2026-04-28 05:35:12,177 [INFO] 
=== STARTING RESEARCH CYCLE 9 ===
2026-04-28 05:35:12,178 [INFO] Loading previous champion for evolution...
2026-04-28 05:35:13,605 [WARNING] Full model load failed: No such layer: resnet50. Existing layers are: ['input_layer', 'conv1_pad', 'conv1_conv', 'conv1_bn', 'conv1_relu', 'pool1_pad', 'pool1_pool', 'conv2_block1_1_conv', 'conv2_block1_1_bn', 'conv2_block1_1_relu', 'conv2_block1_2_conv', 'conv2_block1_2_bn', 'conv2_block1_2_relu', 'conv2_block1_0_conv', 'conv2_block1_3_conv', 'conv2_block1_0_bn', 'conv2_block1_3_bn', 'conv2_block1_add', 'conv2_block1_out', 'conv2_block2_1_conv', 'conv2_block2_1_bn', 'conv2_block2_1_relu', 'conv2_block2_2_conv', 'conv2_block2_2_bn', 'conv2_block2_2_relu', 'conv2_block2_3_conv', 'conv2_block2_3_bn', 'conv2_block2_add', 'conv2_block2_out', 'conv2_block3_1_conv', 'conv2_block3_1_bn', 'conv2_block3_1_relu', 'conv2_block3_2_conv', 'conv2_block3_2_bn', 'conv2_block3_2_relu', 'conv2_block3_3_conv', 'conv2_block3_3_bn', 'conv2_block3_add', 'conv2_block3_out', 'conv3_block1_1_conv', 'conv3_block1_1_bn', 'conv3_block1_1_relu', 'conv3_block1_2_conv', 'conv3_block1_2_bn', 'conv3_block1_2_relu', 'conv3_block1_0_conv', 'conv3_block1_3_conv', 'conv3_block1_0_bn', 'conv3_block1_3_bn', 'conv3_block1_add', 'conv3_block1_out', 'conv3_block2_1_conv', 'conv3_block2_1_bn', 'conv3_block2_1_relu', 'conv3_block2_2_conv', 'conv3_block2_2_bn', 'conv3_block2_2_relu', 'conv3_block2_3_conv', 'conv3_block2_3_bn', 'conv3_block2_add', 'conv3_block2_out', 'conv3_block3_1_conv', 'conv3_block3_1_bn', 'conv3_block3_1_relu', 'conv3_block3_2_conv', 'conv3_block3_2_bn', 'conv3_block3_2_relu', 'conv3_block3_3_conv', 'conv3_block3_3_bn', 'conv3_block3_add', 'conv3_block3_out', 'conv3_block4_1_conv', 'conv3_block4_1_bn', 'conv3_block4_1_relu', 'conv3_block4_2_conv', 'conv3_block4_2_bn', 'conv3_block4_2_relu', 'conv3_block4_3_conv', 'conv3_block4_3_bn', 'conv3_block4_add', 'conv3_block4_out', 'conv4_block1_1_conv', 'conv4_block1_1_bn', 'conv4_block1_1_relu', 'conv4_block1_2_conv', 'conv4_block1_2_bn', 'conv4_block1_2_relu', 'conv4_block1_0_conv', 'conv4_block1_3_conv', 'conv4_block1_0_bn', 'conv4_block1_3_bn', 'conv4_block1_add', 'conv4_block1_out', 'conv4_block2_1_conv', 'conv4_block2_1_bn', 'conv4_block2_1_relu', 'conv4_block2_2_conv', 'conv4_block2_2_bn', 'conv4_block2_2_relu', 'conv4_block2_3_conv', 'conv4_block2_3_bn', 'conv4_block2_add', 'conv4_block2_out', 'conv4_block3_1_conv', 'conv4_block3_1_bn', 'conv4_block3_1_relu', 'conv4_block3_2_conv', 'conv4_block3_2_bn', 'conv4_block3_2_relu', 'conv4_block3_3_conv', 'conv4_block3_3_bn', 'conv4_block3_add', 'conv4_block3_out', 'conv4_block4_1_conv', 'conv4_block4_1_bn', 'conv4_block4_1_relu', 'conv4_block4_2_conv', 'conv4_block4_2_bn', 'conv4_block4_2_relu', 'conv4_block4_3_conv', 'conv4_block4_3_bn', 'conv4_block4_add', 'conv4_block4_out', 'conv4_block5_1_conv', 'conv4_block5_1_bn', 'conv4_block5_1_relu', 'conv4_block5_2_conv', 'conv4_block5_2_bn', 'conv4_block5_2_relu', 'conv4_block5_3_conv', 'conv4_block5_3_bn', 'conv4_block5_add', 'conv4_block5_out', 'conv4_block6_1_conv', 'conv4_block6_1_bn', 'conv4_block6_1_relu', 'conv4_block6_2_conv', 'conv4_block6_2_bn', 'conv4_block6_2_relu', 'conv4_block6_3_conv', 'conv4_block6_3_bn', 'conv4_block6_add', 'conv4_block6_out', 'conv5_block1_1_conv', 'conv5_block1_1_bn', 'conv5_block1_1_relu', 'conv5_block1_2_conv', 'conv5_block1_2_bn', 'conv5_block1_2_relu', 'conv5_block1_0_conv', 'conv5_block1_3_conv', 'conv5_block1_0_bn', 'conv5_block1_3_bn', 'conv5_block1_add', 'conv5_block1_out', 'conv5_block2_1_conv', 'conv5_block2_1_bn', 'conv5_block2_1_relu', 'conv5_block2_2_conv', 'conv5_block2_2_bn', 'conv5_block2_2_relu', 'conv5_block2_3_conv', 'conv5_block2_3_bn', 'conv5_block2_add', 'conv5_block2_out', 'conv5_block3_1_conv', 'conv5_block3_1_bn', 'conv5_block3_1_relu', 'conv5_block3_2_conv', 'conv5_block3_2_bn', 'conv5_block3_2_relu', 'conv5_block3_3_conv', 'conv5_block3_3_bn', 'conv5_block3_add', 'conv5_block3_out', 'global_average_pooling2d', 'batch_normalization', 'dropout', 'dense', 'batch_normalization_1', 'dropout_1', 'dense_1'].. Building fresh.
2026-04-28 05:35:13,606 [INFO] Building Standard ImageNet Model (ResNet50) with Mastery Head...
2026-04-28 05:35:14,510 [INFO] Phase A: Coarse Tuning (LR: 0.001)...
2026-04-28 05:40:43,477 [INFO] --- STARTING IMAGENET AUTONOMOUS RESEARCH ENGINE ---
2026-04-28 05:40:43,481 [INFO] Stage 1: Image Verification...
2026-04-28 05:40:43,481 [INFO] Dataset already verified (.cleaned found). Skipping verification.
2026-04-28 05:40:44,832 [INFO] 
=== STARTING RESEARCH CYCLE 1 ===
2026-04-28 05:40:44,833 [INFO] Loading previous champion for evolution...
2026-04-28 05:40:48,734 [WARNING] Full model load failed: No such layer: resnet50. Existing layers are: ['input_layer', 'conv1_pad', 'conv1_conv', 'conv1_bn', 'conv1_relu', 'pool1_pad', 'pool1_pool', 'conv2_block1_1_conv', 'conv2_block1_1_bn', 'conv2_block1_1_relu', 'conv2_block1_2_conv', 'conv2_block1_2_bn', 'conv2_block1_2_relu', 'conv2_block1_0_conv', 'conv2_block1_3_conv', 'conv2_block1_0_bn', 'conv2_block1_3_bn', 'conv2_block1_add', 'conv2_block1_out', 'conv2_block2_1_conv', 'conv2_block2_1_bn', 'conv2_block2_1_relu', 'conv2_block2_2_conv', 'conv2_block2_2_bn', 'conv2_block2_2_relu', 'conv2_block2_3_conv', 'conv2_block2_3_bn', 'conv2_block2_add', 'conv2_block2_out', 'conv2_block3_1_conv', 'conv2_block3_1_bn', 'conv2_block3_1_relu', 'conv2_block3_2_conv', 'conv2_block3_2_bn', 'conv2_block3_2_relu', 'conv2_block3_3_conv', 'conv2_block3_3_bn', 'conv2_block3_add', 'conv2_block3_out', 'conv3_block1_1_conv', 'conv3_block1_1_bn', 'conv3_block1_1_relu', 'conv3_block1_2_conv', 'conv3_block1_2_bn', 'conv3_block1_2_relu', 'conv3_block1_0_conv', 'conv3_block1_3_conv', 'conv3_block1_0_bn', 'conv3_block1_3_bn', 'conv3_block1_add', 'conv3_block1_out', 'conv3_block2_1_conv', 'conv3_block2_1_bn', 'conv3_block2_1_relu', 'conv3_block2_2_conv', 'conv3_block2_2_bn', 'conv3_block2_2_relu', 'conv3_block2_3_conv', 'conv3_block2_3_bn', 'conv3_block2_add', 'conv3_block2_out', 'conv3_block3_1_conv', 'conv3_block3_1_bn', 'conv3_block3_1_relu', 'conv3_block3_2_conv', 'conv3_block3_2_bn', 'conv3_block3_2_relu', 'conv3_block3_3_conv', 'conv3_block3_3_bn', 'conv3_block3_add', 'conv3_block3_out', 'conv3_block4_1_conv', 'conv3_block4_1_bn', 'conv3_block4_1_relu', 'conv3_block4_2_conv', 'conv3_block4_2_bn', 'conv3_block4_2_relu', 'conv3_block4_3_conv', 'conv3_block4_3_bn', 'conv3_block4_add', 'conv3_block4_out', 'conv4_block1_1_conv', 'conv4_block1_1_bn', 'conv4_block1_1_relu', 'conv4_block1_2_conv', 'conv4_block1_2_bn', 'conv4_block1_2_relu', 'conv4_block1_0_conv', 'conv4_block1_3_conv', 'conv4_block1_0_bn', 'conv4_block1_3_bn', 'conv4_block1_add', 'conv4_block1_out', 'conv4_block2_1_conv', 'conv4_block2_1_bn', 'conv4_block2_1_relu', 'conv4_block2_2_conv', 'conv4_block2_2_bn', 'conv4_block2_2_relu', 'conv4_block2_3_conv', 'conv4_block2_3_bn', 'conv4_block2_add', 'conv4_block2_out', 'conv4_block3_1_conv', 'conv4_block3_1_bn', 'conv4_block3_1_relu', 'conv4_block3_2_conv', 'conv4_block3_2_bn', 'conv4_block3_2_relu', 'conv4_block3_3_conv', 'conv4_block3_3_bn', 'conv4_block3_add', 'conv4_block3_out', 'conv4_block4_1_conv', 'conv4_block4_1_bn', 'conv4_block4_1_relu', 'conv4_block4_2_conv', 'conv4_block4_2_bn', 'conv4_block4_2_relu', 'conv4_block4_3_conv', 'conv4_block4_3_bn', 'conv4_block4_add', 'conv4_block4_out', 'conv4_block5_1_conv', 'conv4_block5_1_bn', 'conv4_block5_1_relu', 'conv4_block5_2_conv', 'conv4_block5_2_bn', 'conv4_block5_2_relu', 'conv4_block5_3_conv', 'conv4_block5_3_bn', 'conv4_block5_add', 'conv4_block5_out', 'conv4_block6_1_conv', 'conv4_block6_1_bn', 'conv4_block6_1_relu', 'conv4_block6_2_conv', 'conv4_block6_2_bn', 'conv4_block6_2_relu', 'conv4_block6_3_conv', 'conv4_block6_3_bn', 'conv4_block6_add', 'conv4_block6_out', 'conv5_block1_1_conv', 'conv5_block1_1_bn', 'conv5_block1_1_relu', 'conv5_block1_2_conv', 'conv5_block1_2_bn', 'conv5_block1_2_relu', 'conv5_block1_0_conv', 'conv5_block1_3_conv', 'conv5_block1_0_bn', 'conv5_block1_3_bn', 'conv5_block1_add', 'conv5_block1_out', 'conv5_block2_1_conv', 'conv5_block2_1_bn', 'conv5_block2_1_relu', 'conv5_block2_2_conv', 'conv5_block2_2_bn', 'conv5_block2_2_relu', 'conv5_block2_3_conv', 'conv5_block2_3_bn', 'conv5_block2_add', 'conv5_block2_out', 'conv5_block3_1_conv', 'conv5_block3_1_bn', 'conv5_block3_1_relu', 'conv5_block3_2_conv', 'conv5_block3_2_bn', 'conv5_block3_2_relu', 'conv5_block3_3_conv', 'conv5_block3_3_bn', 'conv5_block3_add', 'conv5_block3_out', 'global_average_pooling2d', 'batch_normalization', 'dropout', 'dense', 'batch_normalization_1', 'dropout_1', 'dense_1'].. Building fresh.
2026-04-28 05:40:48,735 [INFO] Building Standard ImageNet Model (ResNet50) with Mastery Head...
2026-04-28 05:40:51,065 [INFO] Phase A: Coarse Tuning (LR: 0.002)...

2026-04-28 05:45:46,690 [INFO] [METRICS OPERATION] Final Evaluation Complete. Validation Acc=0.9450, Mastery=92.61
2026-04-28 05:45:46,690 [INFO] TERMINATING LOOP: Target Mandate (94.0%) Achieved in isolated metrics operation.
2026-04-28 05:49:00,908 [INFO] --- STARTING IMAGENET AUTONOMOUS RESEARCH ENGINE ---
2026-04-28 05:49:00,911 [INFO] Stage 1: Image Verification...
2026-04-28 05:49:00,911 [INFO] Dataset already verified (.cleaned found). Skipping verification.
2026-04-28 05:49:02,248 [INFO] 
=== STARTING RESEARCH CYCLE 1 ===
2026-04-28 05:49:02,248 [INFO] Loading previous champion for evolution...
2026-04-28 05:49:05,992 [WARNING] Full model load failed: No such layer: resnet50. Existing layers are: ['input_layer', 'conv1_pad', 'conv1_conv', 'conv1_bn', 'conv1_relu', 'pool1_pad', 'pool1_pool', 'conv2_block1_1_conv', 'conv2_block1_1_bn', 'conv2_block1_1_relu', 'conv2_block1_2_conv', 'conv2_block1_2_bn', 'conv2_block1_2_relu', 'conv2_block1_0_conv', 'conv2_block1_3_conv', 'conv2_block1_0_bn', 'conv2_block1_3_bn', 'conv2_block1_add', 'conv2_block1_out', 'conv2_block2_1_conv', 'conv2_block2_1_bn', 'conv2_block2_1_relu', 'conv2_block2_2_conv', 'conv2_block2_2_bn', 'conv2_block2_2_relu', 'conv2_block2_3_conv', 'conv2_block2_3_bn', 'conv2_block2_add', 'conv2_block2_out', 'conv2_block3_1_conv', 'conv2_block3_1_bn', 'conv2_block3_1_relu', 'conv2_block3_2_conv', 'conv2_block3_2_bn', 'conv2_block3_2_relu', 'conv2_block3_3_conv', 'conv2_block3_3_bn', 'conv2_block3_add', 'conv2_block3_out', 'conv3_block1_1_conv', 'conv3_block1_1_bn', 'conv3_block1_1_relu', 'conv3_block1_2_conv', 'conv3_block1_2_bn', 'conv3_block1_2_relu', 'conv3_block1_0_conv', 'conv3_block1_3_conv', 'conv3_block1_0_bn', 'conv3_block1_3_bn', 'conv3_block1_add', 'conv3_block1_out', 'conv3_block2_1_conv', 'conv3_block2_1_bn', 'conv3_block2_1_relu', 'conv3_block2_2_conv', 'conv3_block2_2_bn', 'conv3_block2_2_relu', 'conv3_block2_3_conv', 'conv3_block2_3_bn', 'conv3_block2_add', 'conv3_block2_out', 'conv3_block3_1_conv', 'conv3_block3_1_bn', 'conv3_block3_1_relu', 'conv3_block3_2_conv', 'conv3_block3_2_bn', 'conv3_block3_2_relu', 'conv3_block3_3_conv', 'conv3_block3_3_bn', 'conv3_block3_add', 'conv3_block3_out', 'conv3_block4_1_conv', 'conv3_block4_1_bn', 'conv3_block4_1_relu', 'conv3_block4_2_conv', 'conv3_block4_2_bn', 'conv3_block4_2_relu', 'conv3_block4_3_conv', 'conv3_block4_3_bn', 'conv3_block4_add', 'conv3_block4_out', 'conv4_block1_1_conv', 'conv4_block1_1_bn', 'conv4_block1_1_relu', 'conv4_block1_2_conv', 'conv4_block1_2_bn', 'conv4_block1_2_relu', 'conv4_block1_0_conv', 'conv4_block1_3_conv', 'conv4_block1_0_bn', 'conv4_block1_3_bn', 'conv4_block1_add', 'conv4_block1_out', 'conv4_block2_1_conv', 'conv4_block2_1_bn', 'conv4_block2_1_relu', 'conv4_block2_2_conv', 'conv4_block2_2_bn', 'conv4_block2_2_relu', 'conv4_block2_3_conv', 'conv4_block2_3_bn', 'conv4_block2_add', 'conv4_block2_out', 'conv4_block3_1_conv', 'conv4_block3_1_bn', 'conv4_block3_1_relu', 'conv4_block3_2_conv', 'conv4_block3_2_bn', 'conv4_block3_2_relu', 'conv4_block3_3_conv', 'conv4_block3_3_bn', 'conv4_block3_add', 'conv4_block3_out', 'conv4_block4_1_conv', 'conv4_block4_1_bn', 'conv4_block4_1_relu', 'conv4_block4_2_conv', 'conv4_block4_2_bn', 'conv4_block4_2_relu', 'conv4_block4_3_conv', 'conv4_block4_3_bn', 'conv4_block4_add', 'conv4_block4_out', 'conv4_block5_1_conv', 'conv4_block5_1_bn', 'conv4_block5_1_relu', 'conv4_block5_2_conv', 'conv4_block5_2_bn', 'conv4_block5_2_relu', 'conv4_block5_3_conv', 'conv4_block5_3_bn', 'conv4_block5_add', 'conv4_block5_out', 'conv4_block6_1_conv', 'conv4_block6_1_bn', 'conv4_block6_1_relu', 'conv4_block6_2_conv', 'conv4_block6_2_bn', 'conv4_block6_2_relu', 'conv4_block6_3_conv', 'conv4_block6_3_bn', 'conv4_block6_add', 'conv4_block6_out', 'conv5_block1_1_conv', 'conv5_block1_1_bn', 'conv5_block1_1_relu', 'conv5_block1_2_conv', 'conv5_block1_2_bn', 'conv5_block1_2_relu', 'conv5_block1_0_conv', 'conv5_block1_3_conv', 'conv5_block1_0_bn', 'conv5_block1_3_bn', 'conv5_block1_add', 'conv5_block1_out', 'conv5_block2_1_conv', 'conv5_block2_1_bn', 'conv5_block2_1_relu', 'conv5_block2_2_conv', 'conv5_block2_2_bn', 'conv5_block2_2_relu', 'conv5_block2_3_conv', 'conv5_block2_3_bn', 'conv5_block2_add', 'conv5_block2_out', 'conv5_block3_1_conv', 'conv5_block3_1_bn', 'conv5_block3_1_relu', 'conv5_block3_2_conv', 'conv5_block3_2_bn', 'conv5_block3_2_relu', 'conv5_block3_3_conv', 'conv5_block3_3_bn', 'conv5_block3_add', 'conv5_block3_out', 'global_average_pooling2d', 'batch_normalization', 'dropout', 'dense', 'batch_normalization_1', 'dropout_1', 'dense_1'].. Building fresh.
2026-04-28 05:49:05,993 [INFO] Building Standard ImageNet Model (ResNet50) with Mastery Head...
2026-04-28 05:49:08,320 [INFO] Phase A: Coarse Tuning (LR: 0.002)...
2026-04-28 06:01:39,990 [INFO] Phase B: Fine Tuning (Unfreeze Block 5)...
